[0.016s] Invoking command in '/media/psf/Projekt_Mobile_Robotik/02_Roboprogramm/02_Turtlebot4/ros2_ws/build/pong_game': CMAKE_PREFIX_PATH=/opt/ros/humble /usr/bin/cmake --build /media/psf/Projekt_Mobile_Robotik/02_Roboprogramm/02_Turtlebot4/ros2_ws/build/pong_game -- -j2 -l2
[0.021s] gmake[1]: Entering directory '/media/psf/Projekt_Mobile_Robotik/02_Roboprogramm/02_Turtlebot4/ros2_ws/build/pong_game'
[0.038s] gmake[2]: Entering directory '/media/psf/Projekt_Mobile_Robotik/02_Roboprogramm/02_Turtlebot4/ros2_ws/build/pong_game'
[0.043s] gmake[3]: Entering directory '/media/psf/Projekt_Mobile_Robotik/02_Roboprogramm/02_Turtlebot4/ros2_ws/build/pong_game'
[0.050s] [35m[1mConsolidate compiler generated dependencies of target pong_game[0m
[0.295s] gmake[3]: Leaving directory '/media/psf/Projekt_Mobile_Robotik/02_Roboprogramm/02_Turtlebot4/ros2_ws/build/pong_game'
[0.304s] gmake[3]: Entering directory '/media/psf/Projekt_Mobile_Robotik/02_Roboprogramm/02_Turtlebot4/ros2_ws/build/pong_game'
[0.307s] [ 33%] [32mBuilding CXX object CMakeFiles/pong_game.dir/src/main.cpp.o[0m
[1.421s] [ 66%] [32m[1mLinking CXX executable pong_game[0m
[1.556s] gmake[3]: Leaving directory '/media/psf/Projekt_Mobile_Robotik/02_Roboprogramm/02_Turtlebot4/ros2_ws/build/pong_game'
[1.562s] [100%] Built target pong_game
[1.562s] gmake[2]: Leaving directory '/media/psf/Projekt_Mobile_Robotik/02_Roboprogramm/02_Turtlebot4/ros2_ws/build/pong_game'
[1.569s] gmake[1]: Leaving directory '/media/psf/Projekt_Mobile_Robotik/02_Roboprogramm/02_Turtlebot4/ros2_ws/build/pong_game'
[1.569s] Invoked command in '/media/psf/Projekt_Mobile_Robotik/02_Roboprogramm/02_Turtlebot4/ros2_ws/build/pong_game' returned '0': CMAKE_PREFIX_PATH=/opt/ros/humble /usr/bin/cmake --build /media/psf/Projekt_Mobile_Robotik/02_Roboprogramm/02_Turtlebot4/ros2_ws/build/pong_game -- -j2 -l2
[1.576s] Invoking command in '/media/psf/Projekt_Mobile_Robotik/02_Roboprogramm/02_Turtlebot4/ros2_ws/build/pong_game': CMAKE_PREFIX_PATH=/opt/ros/humble /usr/bin/cmake --install /media/psf/Projekt_Mobile_Robotik/02_Roboprogramm/02_Turtlebot4/ros2_ws/build/pong_game
[1.579s] -- Install configuration: ""
[1.580s] -- Installing: /media/psf/Projekt_Mobile_Robotik/02_Roboprogramm/02_Turtlebot4/ros2_ws/install/pong_game/lib/pong_game/pong_game
[1.599s] -- Set runtime path of "/media/psf/Projekt_Mobile_Robotik/02_Roboprogramm/02_Turtlebot4/ros2_ws/install/pong_game/lib/pong_game/pong_game" to ""
[1.600s] -- Up-to-date: /media/psf/Projekt_Mobile_Robotik/02_Roboprogramm/02_Turtlebot4/ros2_ws/install/pong_game/share/ament_index/resource_index/package_run_dependencies/pong_game
[1.600s] -- Up-to-date: /media/psf/Projekt_Mobile_Robotik/02_Roboprogramm/02_Turtlebot4/ros2_ws/install/pong_game/share/ament_index/resource_index/parent_prefix_path/pong_game
[1.601s] -- Up-to-date: /media/psf/Projekt_Mobile_Robotik/02_Roboprogramm/02_Turtlebot4/ros2_ws/install/pong_game/share/pong_game/environment/ament_prefix_path.sh
[1.601s] -- Up-to-date: /media/psf/Projekt_Mobile_Robotik/02_Roboprogramm/02_Turtlebot4/ros2_ws/install/pong_game/share/pong_game/environment/ament_prefix_path.dsv
[1.602s] -- Up-to-date: /media/psf/Projekt_Mobile_Robotik/02_Roboprogramm/02_Turtlebot4/ros2_ws/install/pong_game/share/pong_game/environment/path.sh
[1.602s] -- Up-to-date: /media/psf/Projekt_Mobile_Robotik/02_Roboprogramm/02_Turtlebot4/ros2_ws/install/pong_game/share/pong_game/environment/path.dsv
[1.602s] -- Up-to-date: /media/psf/Projekt_Mobile_Robotik/02_Roboprogramm/02_Turtlebot4/ros2_ws/install/pong_game/share/pong_game/local_setup.bash
[1.603s] -- Up-to-date: /media/psf/Projekt_Mobile_Robotik/02_Roboprogramm/02_Turtlebot4/ros2_ws/install/pong_game/share/pong_game/local_setup.sh
[1.603s] -- Up-to-date: /media/psf/Projekt_Mobile_Robotik/02_Roboprogramm/02_Turtlebot4/ros2_ws/install/pong_game/share/pong_game/local_setup.zsh
[1.603s] -- Up-to-date: /media/psf/Projekt_Mobile_Robotik/02_Roboprogramm/02_Turtlebot4/ros2_ws/install/pong_game/share/pong_game/local_setup.dsv
[1.604s] -- Installing: /media/psf/Projekt_Mobile_Robotik/02_Roboprogramm/02_Turtlebot4/ros2_ws/install/pong_game/share/pong_game/package.dsv
[1.606s] -- Up-to-date: /media/psf/Projekt_Mobile_Robotik/02_Roboprogramm/02_Turtlebot4/ros2_ws/install/pong_game/share/ament_index/resource_index/packages/pong_game
[1.607s] -- Up-to-date: /media/psf/Projekt_Mobile_Robotik/02_Roboprogramm/02_Turtlebot4/ros2_ws/install/pong_game/share/pong_game/cmake/pong_gameConfig.cmake
[1.607s] -- Up-to-date: /media/psf/Projekt_Mobile_Robotik/02_Roboprogramm/02_Turtlebot4/ros2_ws/install/pong_game/share/pong_game/cmake/pong_gameConfig-version.cmake
[1.608s] -- Up-to-date: /media/psf/Projekt_Mobile_Robotik/02_Roboprogramm/02_Turtlebot4/ros2_ws/install/pong_game/share/pong_game/package.xml
[1.609s] Invoked command in '/media/psf/Projekt_Mobile_Robotik/02_Roboprogramm/02_Turtlebot4/ros2_ws/build/pong_game' returned '0': CMAKE_PREFIX_PATH=/opt/ros/humble /usr/bin/cmake --install /media/psf/Projekt_Mobile_Robotik/02_Roboprogramm/02_Turtlebot4/ros2_ws/build/pong_game
