[0.020s] Invoking command in '/media/psf/Projekt_Mobile_Robotik/02_Roboprogramm/03_Pong/ros2_ws/build/pong_game': CMAKE_PREFIX_PATH=/opt/ros/humble /usr/bin/cmake --build /media/psf/Projekt_Mobile_Robotik/02_Roboprogramm/03_Pong/ros2_ws/build/pong_game -- -j2 -l2
[0.032s] gmake[1]: Entering directory '/media/psf/Projekt_Mobile_Robotik/02_Roboprogramm/03_Pong/ros2_ws/build/pong_game'
[0.062s] gmake[2]: Entering directory '/media/psf/Projekt_Mobile_Robotik/02_Roboprogramm/03_Pong/ros2_ws/build/pong_game'
[0.064s] gmake[3]: Entering directory '/media/psf/Projekt_Mobile_Robotik/02_Roboprogramm/03_Pong/ros2_ws/build/pong_game'
[0.086s] [35m[1mConsolidate compiler generated dependencies of target pong_game[0m
[0.358s] gmake[3]: Leaving directory '/media/psf/Projekt_Mobile_Robotik/02_Roboprogramm/03_Pong/ros2_ws/build/pong_game'
[0.372s] gmake[3]: Entering directory '/media/psf/Projekt_Mobile_Robotik/02_Roboprogramm/03_Pong/ros2_ws/build/pong_game'
[0.386s] [ 10%] [32mBuilding CXX object CMakeFiles/pong_game.dir/src/classes/states/initState.cpp.o[0m
[6.790s] [ 20%] [32mBuilding CXX object CMakeFiles/pong_game.dir/src/classes/states/bounceState.cpp.o[0m
[10.150s] [ 30%] [32mBuilding CXX object CMakeFiles/pong_game.dir/src/classes/states/driveState.cpp.o[0m
[18.541s] [ 40%] [32mBuilding CXX object CMakeFiles/pong_game.dir/src/classes/states/backToStartState.cpp.o[0m
[20.801s] [ 50%] [32mBuilding CXX object CMakeFiles/pong_game.dir/src/classes/states/errorState.cpp.o[0m
[20.825s] [ 60%] [32mBuilding CXX object CMakeFiles/pong_game.dir/src/classes/statemachine.cpp.o[0m
[22.976s] [ 70%] [32m[1mLinking CXX executable pong_game[0m
[24.991s] gmake[3]: Leaving directory '/media/psf/Projekt_Mobile_Robotik/02_Roboprogramm/03_Pong/ros2_ws/build/pong_game'
[24.999s] [100%] Built target pong_game
[25.006s] gmake[2]: Leaving directory '/media/psf/Projekt_Mobile_Robotik/02_Roboprogramm/03_Pong/ros2_ws/build/pong_game'
[25.017s] gmake[1]: Leaving directory '/media/psf/Projekt_Mobile_Robotik/02_Roboprogramm/03_Pong/ros2_ws/build/pong_game'
[25.018s] Invoked command in '/media/psf/Projekt_Mobile_Robotik/02_Roboprogramm/03_Pong/ros2_ws/build/pong_game' returned '0': CMAKE_PREFIX_PATH=/opt/ros/humble /usr/bin/cmake --build /media/psf/Projekt_Mobile_Robotik/02_Roboprogramm/03_Pong/ros2_ws/build/pong_game -- -j2 -l2
[25.029s] Invoking command in '/media/psf/Projekt_Mobile_Robotik/02_Roboprogramm/03_Pong/ros2_ws/build/pong_game': CMAKE_PREFIX_PATH=/opt/ros/humble /usr/bin/cmake --install /media/psf/Projekt_Mobile_Robotik/02_Roboprogramm/03_Pong/ros2_ws/build/pong_game
[25.041s] -- Install configuration: ""
[25.041s] -- Installing: /media/psf/Projekt_Mobile_Robotik/02_Roboprogramm/03_Pong/ros2_ws/install/pong_game/lib/pong_game/pong_game
[25.225s] -- Set runtime path of "/media/psf/Projekt_Mobile_Robotik/02_Roboprogramm/03_Pong/ros2_ws/install/pong_game/lib/pong_game/pong_game" to ""
[25.228s] -- Installing: /media/psf/Projekt_Mobile_Robotik/02_Roboprogramm/03_Pong/ros2_ws/install/pong_game/share/ament_index/resource_index/package_run_dependencies/pong_game
[25.233s] -- Installing: /media/psf/Projekt_Mobile_Robotik/02_Roboprogramm/03_Pong/ros2_ws/install/pong_game/share/ament_index/resource_index/parent_prefix_path/pong_game
[25.236s] -- Installing: /media/psf/Projekt_Mobile_Robotik/02_Roboprogramm/03_Pong/ros2_ws/install/pong_game/share/pong_game/environment/ament_prefix_path.sh
[25.237s] -- Installing: /media/psf/Projekt_Mobile_Robotik/02_Roboprogramm/03_Pong/ros2_ws/install/pong_game/share/pong_game/environment/ament_prefix_path.dsv
[25.240s] -- Installing: /media/psf/Projekt_Mobile_Robotik/02_Roboprogramm/03_Pong/ros2_ws/install/pong_game/share/pong_game/environment/path.sh
[25.242s] -- Installing: /media/psf/Projekt_Mobile_Robotik/02_Roboprogramm/03_Pong/ros2_ws/install/pong_game/share/pong_game/environment/path.dsv
[25.244s] -- Installing: /media/psf/Projekt_Mobile_Robotik/02_Roboprogramm/03_Pong/ros2_ws/install/pong_game/share/pong_game/local_setup.bash
[25.250s] -- Installing: /media/psf/Projekt_Mobile_Robotik/02_Roboprogramm/03_Pong/ros2_ws/install/pong_game/share/pong_game/local_setup.sh
[25.252s] -- Installing: /media/psf/Projekt_Mobile_Robotik/02_Roboprogramm/03_Pong/ros2_ws/install/pong_game/share/pong_game/local_setup.zsh
[25.255s] -- Installing: /media/psf/Projekt_Mobile_Robotik/02_Roboprogramm/03_Pong/ros2_ws/install/pong_game/share/pong_game/local_setup.dsv
[25.257s] -- Installing: /media/psf/Projekt_Mobile_Robotik/02_Roboprogramm/03_Pong/ros2_ws/install/pong_game/share/pong_game/package.dsv
[25.260s] -- Installing: /media/psf/Projekt_Mobile_Robotik/02_Roboprogramm/03_Pong/ros2_ws/install/pong_game/share/ament_index/resource_index/packages/pong_game
[25.263s] -- Installing: /media/psf/Projekt_Mobile_Robotik/02_Roboprogramm/03_Pong/ros2_ws/install/pong_game/share/pong_game/cmake/pong_gameConfig.cmake
[25.265s] -- Installing: /media/psf/Projekt_Mobile_Robotik/02_Roboprogramm/03_Pong/ros2_ws/install/pong_game/share/pong_game/cmake/pong_gameConfig-version.cmake
[25.267s] -- Installing: /media/psf/Projekt_Mobile_Robotik/02_Roboprogramm/03_Pong/ros2_ws/install/pong_game/share/pong_game/package.xml
[25.272s] Invoked command in '/media/psf/Projekt_Mobile_Robotik/02_Roboprogramm/03_Pong/ros2_ws/build/pong_game' returned '0': CMAKE_PREFIX_PATH=/opt/ros/humble /usr/bin/cmake --install /media/psf/Projekt_Mobile_Robotik/02_Roboprogramm/03_Pong/ros2_ws/build/pong_game
