[0.013s] Invoking command in '/media/psf/Projekt_Mobile_Robotik/02_Roboprogramm/02_Turtlebot4/ros2_ws/build/pong_game': CMAKE_PREFIX_PATH=/opt/ros/humble /usr/bin/cmake --build /media/psf/Projekt_Mobile_Robotik/02_Roboprogramm/02_Turtlebot4/ros2_ws/build/pong_game -- -j2 -l2
[0.016s] gmake[1]: Entering directory '/media/psf/Projekt_Mobile_Robotik/02_Roboprogramm/02_Turtlebot4/ros2_ws/build/pong_game'
[0.034s] gmake[2]: Entering directory '/media/psf/Projekt_Mobile_Robotik/02_Roboprogramm/02_Turtlebot4/ros2_ws/build/pong_game'
[0.039s] gmake[3]: Entering directory '/media/psf/Projekt_Mobile_Robotik/02_Roboprogramm/02_Turtlebot4/ros2_ws/build/pong_game'
[0.046s] [35m[1mConsolidate compiler generated dependencies of target pong_game[0m
[0.297s] gmake[3]: Leaving directory '/media/psf/Projekt_Mobile_Robotik/02_Roboprogramm/02_Turtlebot4/ros2_ws/build/pong_game'
[0.303s] gmake[3]: Entering directory '/media/psf/Projekt_Mobile_Robotik/02_Roboprogramm/02_Turtlebot4/ros2_ws/build/pong_game'
[0.308s] [ 33%] [32mBuilding CXX object CMakeFiles/pong_game.dir/src/classes/terminalPub.cpp.o[0m
[1.963s] [ 66%] [32m[1mLinking CXX executable pong_game[0m
[2.102s] gmake[3]: Leaving directory '/media/psf/Projekt_Mobile_Robotik/02_Roboprogramm/02_Turtlebot4/ros2_ws/build/pong_game'
[2.110s] [100%] Built target pong_game
[2.110s] gmake[2]: Leaving directory '/media/psf/Projekt_Mobile_Robotik/02_Roboprogramm/02_Turtlebot4/ros2_ws/build/pong_game'
[2.115s] gmake[1]: Leaving directory '/media/psf/Projekt_Mobile_Robotik/02_Roboprogramm/02_Turtlebot4/ros2_ws/build/pong_game'
[2.116s] Invoked command in '/media/psf/Projekt_Mobile_Robotik/02_Roboprogramm/02_Turtlebot4/ros2_ws/build/pong_game' returned '0': CMAKE_PREFIX_PATH=/opt/ros/humble /usr/bin/cmake --build /media/psf/Projekt_Mobile_Robotik/02_Roboprogramm/02_Turtlebot4/ros2_ws/build/pong_game -- -j2 -l2
[2.122s] Invoking command in '/media/psf/Projekt_Mobile_Robotik/02_Roboprogramm/02_Turtlebot4/ros2_ws/build/pong_game': CMAKE_PREFIX_PATH=/opt/ros/humble /usr/bin/cmake --install /media/psf/Projekt_Mobile_Robotik/02_Roboprogramm/02_Turtlebot4/ros2_ws/build/pong_game
[2.125s] -- Install configuration: ""
[2.126s] -- Installing: /media/psf/Projekt_Mobile_Robotik/02_Roboprogramm/02_Turtlebot4/ros2_ws/install/pong_game/lib/pong_game/pong_game
[2.146s] -- Set runtime path of "/media/psf/Projekt_Mobile_Robotik/02_Roboprogramm/02_Turtlebot4/ros2_ws/install/pong_game/lib/pong_game/pong_game" to ""
[2.147s] -- Up-to-date: /media/psf/Projekt_Mobile_Robotik/02_Roboprogramm/02_Turtlebot4/ros2_ws/install/pong_game/share/ament_index/resource_index/package_run_dependencies/pong_game
[2.147s] -- Up-to-date: /media/psf/Projekt_Mobile_Robotik/02_Roboprogramm/02_Turtlebot4/ros2_ws/install/pong_game/share/ament_index/resource_index/parent_prefix_path/pong_game
[2.148s] -- Up-to-date: /media/psf/Projekt_Mobile_Robotik/02_Roboprogramm/02_Turtlebot4/ros2_ws/install/pong_game/share/pong_game/environment/ament_prefix_path.sh
[2.148s] -- Up-to-date: /media/psf/Projekt_Mobile_Robotik/02_Roboprogramm/02_Turtlebot4/ros2_ws/install/pong_game/share/pong_game/environment/ament_prefix_path.dsv
[2.149s] -- Up-to-date: /media/psf/Projekt_Mobile_Robotik/02_Roboprogramm/02_Turtlebot4/ros2_ws/install/pong_game/share/pong_game/environment/path.sh
[2.149s] -- Up-to-date: /media/psf/Projekt_Mobile_Robotik/02_Roboprogramm/02_Turtlebot4/ros2_ws/install/pong_game/share/pong_game/environment/path.dsv
[2.149s] -- Up-to-date: /media/psf/Projekt_Mobile_Robotik/02_Roboprogramm/02_Turtlebot4/ros2_ws/install/pong_game/share/pong_game/local_setup.bash
[2.149s] -- Up-to-date: /media/psf/Projekt_Mobile_Robotik/02_Roboprogramm/02_Turtlebot4/ros2_ws/install/pong_game/share/pong_game/local_setup.sh
[2.150s] -- Up-to-date: /media/psf/Projekt_Mobile_Robotik/02_Roboprogramm/02_Turtlebot4/ros2_ws/install/pong_game/share/pong_game/local_setup.zsh
[2.150s] -- Up-to-date: /media/psf/Projekt_Mobile_Robotik/02_Roboprogramm/02_Turtlebot4/ros2_ws/install/pong_game/share/pong_game/local_setup.dsv
[2.150s] -- Installing: /media/psf/Projekt_Mobile_Robotik/02_Roboprogramm/02_Turtlebot4/ros2_ws/install/pong_game/share/pong_game/package.dsv
[2.154s] -- Up-to-date: /media/psf/Projekt_Mobile_Robotik/02_Roboprogramm/02_Turtlebot4/ros2_ws/install/pong_game/share/ament_index/resource_index/packages/pong_game
[2.154s] -- Up-to-date: /media/psf/Projekt_Mobile_Robotik/02_Roboprogramm/02_Turtlebot4/ros2_ws/install/pong_game/share/pong_game/cmake/pong_gameConfig.cmake
[2.155s] -- Up-to-date: /media/psf/Projekt_Mobile_Robotik/02_Roboprogramm/02_Turtlebot4/ros2_ws/install/pong_game/share/pong_game/cmake/pong_gameConfig-version.cmake
[2.155s] -- Up-to-date: /media/psf/Projekt_Mobile_Robotik/02_Roboprogramm/02_Turtlebot4/ros2_ws/install/pong_game/share/pong_game/package.xml
[2.156s] Invoked command in '/media/psf/Projekt_Mobile_Robotik/02_Roboprogramm/02_Turtlebot4/ros2_ws/build/pong_game' returned '0': CMAKE_PREFIX_PATH=/opt/ros/humble /usr/bin/cmake --install /media/psf/Projekt_Mobile_Robotik/02_Roboprogramm/02_Turtlebot4/ros2_ws/build/pong_game
