[0.015s] Invoking command in '/media/psf/Projekt_Mobile_Robotik/02_Roboprogramm/03_Pong/ros2_ws/build/pong_game': CMAKE_PREFIX_PATH=/opt/ros/humble /usr/bin/cmake --build /media/psf/Projekt_Mobile_Robotik/02_Roboprogramm/03_Pong/ros2_ws/build/pong_game -- -j2 -l2
[0.018s] gmake[1]: Entering directory '/media/psf/Projekt_Mobile_Robotik/02_Roboprogramm/03_Pong/ros2_ws/build/pong_game'
[0.039s] gmake[2]: Entering directory '/media/psf/Projekt_Mobile_Robotik/02_Roboprogramm/03_Pong/ros2_ws/build/pong_game'
[0.047s] gmake[3]: Entering directory '/media/psf/Projekt_Mobile_Robotik/02_Roboprogramm/03_Pong/ros2_ws/build/pong_game'
[0.056s] [35m[1mConsolidate compiler generated dependencies of target pong_game[0m
[0.729s] gmake[3]: Leaving directory '/media/psf/Projekt_Mobile_Robotik/02_Roboprogramm/03_Pong/ros2_ws/build/pong_game'
[0.743s] gmake[3]: Entering directory '/media/psf/Projekt_Mobile_Robotik/02_Roboprogramm/03_Pong/ros2_ws/build/pong_game'
[0.746s] [ 10%] [32mBuilding CXX object CMakeFiles/pong_game.dir/src/classes/states/driveState.cpp.o[0m
[0.749s] [ 20%] [32mBuilding CXX object CMakeFiles/pong_game.dir/src/classes/states/backToStartState.cpp.o[0m
[1.907s] [01m[K/media/psf/Projekt_Mobile_Robotik/02_Roboprogramm/03_Pong/ros2_ws/src/classes/states/backToStartState.cpp:[m[K In member function ‘[01m[Kvoid BackToStartState::sendBackToStart()[m[K’:
[1.908s] [01m[K/media/psf/Projekt_Mobile_Robotik/02_Roboprogramm/03_Pong/ros2_ws/src/classes/states/backToStartState.cpp:58:38:[m[K [01;31m[Kerror: [m[K‘[01m[Ksx[m[K’ was not declared in this scope
[1.908s]    58 |     if (!_stateMachine->getStartPose([01;31m[Ksx[m[K, sy, syaw)) {
[1.908s]       |                                      [01;31m[K^~[m[K
[1.912s] [01m[K/media/psf/Projekt_Mobile_Robotik/02_Roboprogramm/03_Pong/ros2_ws/src/classes/states/backToStartState.cpp:58:42:[m[K [01;31m[Kerror: [m[K‘[01m[Ksy[m[K’ was not declared in this scope
[1.912s]    58 |     if (!_stateMachine->getStartPose(sx, [01;31m[Ksy[m[K, syaw)) {
[1.913s]       |                                          [01;31m[K^~[m[K
[1.916s] [01m[K/media/psf/Projekt_Mobile_Robotik/02_Roboprogramm/03_Pong/ros2_ws/src/classes/states/backToStartState.cpp:58:46:[m[K [01;31m[Kerror: [m[K‘[01m[Ksyaw[m[K’ was not declared in this scope
[1.916s]    58 |     if (!_stateMachine->getStartPose(sx, sy, [01;31m[Ksyaw[m[K)) {
[1.917s]       |                                              [01;31m[K^~~~[m[K
[1.921s] [01m[K/media/psf/Projekt_Mobile_Robotik/02_Roboprogramm/03_Pong/ros2_ws/src/classes/states/backToStartState.cpp:65:33:[m[K [01;31m[Kerror: [m[K‘[01m[Ksx[m[K’ was not declared in this scope
[1.921s]    65 |     goal.pose.pose.position.x = [01;31m[Ksx[m[K;
[1.921s]       |                                 [01;31m[K^~[m[K
[1.925s] [01m[K/media/psf/Projekt_Mobile_Robotik/02_Roboprogramm/03_Pong/ros2_ws/src/classes/states/backToStartState.cpp:66:33:[m[K [01;31m[Kerror: [m[K‘[01m[Ksy[m[K’ was not declared in this scope
[1.926s]    66 |     goal.pose.pose.position.y = [01;31m[Ksy[m[K;
[1.926s]       |                                 [01;31m[K^~[m[K
[1.929s] [01m[K/media/psf/Projekt_Mobile_Robotik/02_Roboprogramm/03_Pong/ros2_ws/src/classes/states/backToStartState.cpp:70:45:[m[K [01;31m[Kerror: [m[K‘[01m[Ksyaw[m[K’ was not declared in this scope
[1.930s]    70 |     goal.pose.pose.orientation.z = std::sin([01;31m[Ksyaw[m[K / 2.0);
[1.930s]       |                                             [01;31m[K^~~~[m[K
[2.065s] In file included from [01m[K/media/psf/Projekt_Mobile_Robotik/02_Roboprogramm/03_Pong/ros2_ws/src/classes/states/driveState.cpp:12[m[K:
[2.065s] [01m[K/media/psf/Projekt_Mobile_Robotik/02_Roboprogramm/03_Pong/ros2_ws/src/classes/states/driveState.hpp:48:5:[m[K [01;31m[Kerror: [m[K‘[01m[KLightringColor[m[K’ does not name a type
[2.065s]    48 |     [01;31m[KLightringColor[m[K _currentColor;
[2.065s]       |     [01;31m[K^~~~~~~~~~~~~~[m[K
[2.241s] gmake[3]: *** [CMakeFiles/pong_game.dir/build.make:160: CMakeFiles/pong_game.dir/src/classes/states/backToStartState.cpp.o] Error 1
[2.241s] gmake[3]: *** Waiting for unfinished jobs....
[3.881s] gmake[3]: *** [CMakeFiles/pong_game.dir/build.make:146: CMakeFiles/pong_game.dir/src/classes/states/driveState.cpp.o] Error 1
[3.882s] gmake[3]: Leaving directory '/media/psf/Projekt_Mobile_Robotik/02_Roboprogramm/03_Pong/ros2_ws/build/pong_game'
[3.882s] gmake[2]: Leaving directory '/media/psf/Projekt_Mobile_Robotik/02_Roboprogramm/03_Pong/ros2_ws/build/pong_game'
[3.883s] gmake[2]: *** [CMakeFiles/Makefile2:137: CMakeFiles/pong_game.dir/all] Error 2
[3.883s] gmake[1]: *** [Makefile:146: all] Error 2
[3.884s] gmake[1]: Leaving directory '/media/psf/Projekt_Mobile_Robotik/02_Roboprogramm/03_Pong/ros2_ws/build/pong_game'
[3.885s] Invoked command in '/media/psf/Projekt_Mobile_Robotik/02_Roboprogramm/03_Pong/ros2_ws/build/pong_game' returned '2': CMAKE_PREFIX_PATH=/opt/ros/humble /usr/bin/cmake --build /media/psf/Projekt_Mobile_Robotik/02_Roboprogramm/03_Pong/ros2_ws/build/pong_game -- -j2 -l2
