[0.011s] Invoking command in '/media/psf/Projekt_Mobile_Robotik/02_Roboprogramm/02_Turtlebot4/ros2_ws/build/pong_game': CMAKE_PREFIX_PATH=/opt/ros/humble /usr/bin/cmake --build /media/psf/Projekt_Mobile_Robotik/02_Roboprogramm/02_Turtlebot4/ros2_ws/build/pong_game -- -j2 -l2
[0.018s] gmake[1]: Entering directory '/media/psf/Projekt_Mobile_Robotik/02_Roboprogramm/02_Turtlebot4/ros2_ws/build/pong_game'
[0.039s] gmake[2]: Entering directory '/media/psf/Projekt_Mobile_Robotik/02_Roboprogramm/02_Turtlebot4/ros2_ws/build/pong_game'
[0.045s] gmake[3]: Entering directory '/media/psf/Projekt_Mobile_Robotik/02_Roboprogramm/02_Turtlebot4/ros2_ws/build/pong_game'
[0.054s] [35m[1mConsolidate compiler generated dependencies of target pong_game[0m
[0.711s] gmake[3]: Leaving directory '/media/psf/Projekt_Mobile_Robotik/02_Roboprogramm/02_Turtlebot4/ros2_ws/build/pong_game'
[0.724s] gmake[3]: Entering directory '/media/psf/Projekt_Mobile_Robotik/02_Roboprogramm/02_Turtlebot4/ros2_ws/build/pong_game'
[0.733s] [  8%] [32mBuilding CXX object CMakeFiles/pong_game.dir/src/classes/states/initState.cpp.o[0m
[0.734s] [ 16%] [32mBuilding CXX object CMakeFiles/pong_game.dir/src/classes/states/backToStartState.cpp.o[0m
[2.014s] [ 25%] [32mBuilding CXX object CMakeFiles/pong_game.dir/src/classes/states/setupState.cpp.o[0m
[2.027s] [ 33%] [32mBuilding CXX object CMakeFiles/pong_game.dir/src/classes/statemachine.cpp.o[0m
[2.041s] [01m[K/media/psf/Projekt_Mobile_Robotik/02_Roboprogramm/02_Turtlebot4/ros2_ws/src/classes/statemachine.cpp:1:9:[m[K [01;35m[Kwarning: [m[K#pragma once in main file
[2.041s]     1 | #pragma [01;35m[Konce[m[K
[2.041s]       |         [01;35m[K^~~~[m[K
[4.647s] [ 41%] [32m[1mLinking CXX executable pong_game[0m
[5.203s] gmake[3]: Leaving directory '/media/psf/Projekt_Mobile_Robotik/02_Roboprogramm/02_Turtlebot4/ros2_ws/build/pong_game'
[5.214s] [100%] Built target pong_game
[5.215s] gmake[2]: Leaving directory '/media/psf/Projekt_Mobile_Robotik/02_Roboprogramm/02_Turtlebot4/ros2_ws/build/pong_game'
[5.223s] gmake[1]: Leaving directory '/media/psf/Projekt_Mobile_Robotik/02_Roboprogramm/02_Turtlebot4/ros2_ws/build/pong_game'
[5.224s] Invoked command in '/media/psf/Projekt_Mobile_Robotik/02_Roboprogramm/02_Turtlebot4/ros2_ws/build/pong_game' returned '0': CMAKE_PREFIX_PATH=/opt/ros/humble /usr/bin/cmake --build /media/psf/Projekt_Mobile_Robotik/02_Roboprogramm/02_Turtlebot4/ros2_ws/build/pong_game -- -j2 -l2
[5.231s] Invoking command in '/media/psf/Projekt_Mobile_Robotik/02_Roboprogramm/02_Turtlebot4/ros2_ws/build/pong_game': CMAKE_PREFIX_PATH=/opt/ros/humble /usr/bin/cmake --install /media/psf/Projekt_Mobile_Robotik/02_Roboprogramm/02_Turtlebot4/ros2_ws/build/pong_game
[5.235s] -- Install configuration: ""
[5.236s] -- Installing: /media/psf/Projekt_Mobile_Robotik/02_Roboprogramm/02_Turtlebot4/ros2_ws/install/pong_game/lib/pong_game/pong_game
[5.324s] -- Set runtime path of "/media/psf/Projekt_Mobile_Robotik/02_Roboprogramm/02_Turtlebot4/ros2_ws/install/pong_game/lib/pong_game/pong_game" to ""
[5.325s] -- Installing: /media/psf/Projekt_Mobile_Robotik/02_Roboprogramm/02_Turtlebot4/ros2_ws/install/pong_game/share/ament_index/resource_index/package_run_dependencies/pong_game
[5.329s] -- Up-to-date: /media/psf/Projekt_Mobile_Robotik/02_Roboprogramm/02_Turtlebot4/ros2_ws/install/pong_game/share/ament_index/resource_index/parent_prefix_path/pong_game
[5.329s] -- Up-to-date: /media/psf/Projekt_Mobile_Robotik/02_Roboprogramm/02_Turtlebot4/ros2_ws/install/pong_game/share/pong_game/environment/ament_prefix_path.sh
[5.332s] -- Installing: /media/psf/Projekt_Mobile_Robotik/02_Roboprogramm/02_Turtlebot4/ros2_ws/install/pong_game/share/pong_game/environment/ament_prefix_path.dsv
[5.337s] -- Up-to-date: /media/psf/Projekt_Mobile_Robotik/02_Roboprogramm/02_Turtlebot4/ros2_ws/install/pong_game/share/pong_game/environment/path.sh
[5.337s] -- Installing: /media/psf/Projekt_Mobile_Robotik/02_Roboprogramm/02_Turtlebot4/ros2_ws/install/pong_game/share/pong_game/environment/path.dsv
[5.340s] -- Up-to-date: /media/psf/Projekt_Mobile_Robotik/02_Roboprogramm/02_Turtlebot4/ros2_ws/install/pong_game/share/pong_game/local_setup.bash
[5.340s] -- Up-to-date: /media/psf/Projekt_Mobile_Robotik/02_Roboprogramm/02_Turtlebot4/ros2_ws/install/pong_game/share/pong_game/local_setup.sh
[5.340s] -- Up-to-date: /media/psf/Projekt_Mobile_Robotik/02_Roboprogramm/02_Turtlebot4/ros2_ws/install/pong_game/share/pong_game/local_setup.zsh
[5.341s] -- Installing: /media/psf/Projekt_Mobile_Robotik/02_Roboprogramm/02_Turtlebot4/ros2_ws/install/pong_game/share/pong_game/local_setup.dsv
[5.344s] -- Installing: /media/psf/Projekt_Mobile_Robotik/02_Roboprogramm/02_Turtlebot4/ros2_ws/install/pong_game/share/pong_game/package.dsv
[5.347s] -- Up-to-date: /media/psf/Projekt_Mobile_Robotik/02_Roboprogramm/02_Turtlebot4/ros2_ws/install/pong_game/share/ament_index/resource_index/packages/pong_game
[5.347s] -- Up-to-date: /media/psf/Projekt_Mobile_Robotik/02_Roboprogramm/02_Turtlebot4/ros2_ws/install/pong_game/share/pong_game/cmake/pong_gameConfig.cmake
[5.348s] -- Up-to-date: /media/psf/Projekt_Mobile_Robotik/02_Roboprogramm/02_Turtlebot4/ros2_ws/install/pong_game/share/pong_game/cmake/pong_gameConfig-version.cmake
[5.348s] -- Installing: /media/psf/Projekt_Mobile_Robotik/02_Roboprogramm/02_Turtlebot4/ros2_ws/install/pong_game/share/pong_game/package.xml
[5.359s] Invoked command in '/media/psf/Projekt_Mobile_Robotik/02_Roboprogramm/02_Turtlebot4/ros2_ws/build/pong_game' returned '0': CMAKE_PREFIX_PATH=/opt/ros/humble /usr/bin/cmake --install /media/psf/Projekt_Mobile_Robotik/02_Roboprogramm/02_Turtlebot4/ros2_ws/build/pong_game
