[0.012s] Invoking command in '/media/psf/Projekt_Mobile_Robotik/02_Roboprogramm/03_Pong/ros2_ws/build/pong_game': CMAKE_PREFIX_PATH=/opt/ros/humble /usr/bin/cmake --build /media/psf/Projekt_Mobile_Robotik/02_Roboprogramm/03_Pong/ros2_ws/build/pong_game -- -j2 -l2
[0.017s] gmake[1]: Entering directory '/media/psf/Projekt_Mobile_Robotik/02_Roboprogramm/03_Pong/ros2_ws/build/pong_game'
[0.039s] gmake[2]: Entering directory '/media/psf/Projekt_Mobile_Robotik/02_Roboprogramm/03_Pong/ros2_ws/build/pong_game'
[0.042s] gmake[3]: Entering directory '/media/psf/Projekt_Mobile_Robotik/02_Roboprogramm/03_Pong/ros2_ws/build/pong_game'
[0.051s] [35m[1mConsolidate compiler generated dependencies of target pong_game[0m
[0.471s] gmake[3]: Leaving directory '/media/psf/Projekt_Mobile_Robotik/02_Roboprogramm/03_Pong/ros2_ws/build/pong_game'
[0.482s] gmake[3]: Entering directory '/media/psf/Projekt_Mobile_Robotik/02_Roboprogramm/03_Pong/ros2_ws/build/pong_game'
[0.488s] [ 20%] [32mBuilding CXX object CMakeFiles/pong_game.dir/src/classes/states/initState.cpp.o[0m
[0.488s] [ 20%] [32mBuilding CXX object CMakeFiles/pong_game.dir/src/classes/states/idleState.cpp.o[0m
[1.552s] [01m[K/media/psf/Projekt_Mobile_Robotik/02_Roboprogramm/03_Pong/ros2_ws/src/classes/states/initState.cpp:[m[K In member function ‘[01m[Kvirtual void InitState::run()[m[K’:
[1.552s] [01m[K/media/psf/Projekt_Mobile_Robotik/02_Roboprogramm/03_Pong/ros2_ws/src/classes/states/initState.cpp:73:38:[m[K [01;31m[Kerror: [m[Kcannot convert ‘[01m[Kfloat*[m[K’ to ‘[01m[Kfloat&[m[K’
[1.553s]    73 |                 setPositionReference([01;31m[K&_xPosLine11[m[K, &_yPosLine11);
[1.553s]       |                                      [01;31m[K^~~~~~~~~~~~[m[K
[1.553s]       |                                      [01;31m[K|[m[K
[1.554s]       |                                      [01;31m[Kfloat*[m[K
[1.554s] In file included from [01m[K/media/psf/Projekt_Mobile_Robotik/02_Roboprogramm/03_Pong/ros2_ws/src/classes/states/initState.cpp:8[m[K:
[1.554s] [01m[K/media/psf/Projekt_Mobile_Robotik/02_Roboprogramm/03_Pong/ros2_ws/src/classes/states/initState.hpp:58:38:[m[K [01;36m[Knote: [m[K  initializing argument 1 of ‘[01m[Kvoid InitState::setPositionReference(float&, float&)[m[K’
[1.555s]    58 |     void setPositionReference([01;36m[Kfloat &xRef[m[K, float &yRef);
[1.555s]       |                               [01;36m[K~~~~~~~^~~~[m[K
[1.555s] [01m[K/media/psf/Projekt_Mobile_Robotik/02_Roboprogramm/03_Pong/ros2_ws/src/classes/states/initState.cpp:87:38:[m[K [01;31m[Kerror: [m[Kcannot convert ‘[01m[Kfloat*[m[K’ to ‘[01m[Kfloat&[m[K’
[1.555s]    87 |                 setPositionReference([01;31m[K&_xPosLine12[m[K, &_yPosLine12);
[1.556s]       |                                      [01;31m[K^~~~~~~~~~~~[m[K
[1.556s]       |                                      [01;31m[K|[m[K
[1.556s]       |                                      [01;31m[Kfloat*[m[K
[1.557s] In file included from [01m[K/media/psf/Projekt_Mobile_Robotik/02_Roboprogramm/03_Pong/ros2_ws/src/classes/states/initState.cpp:8[m[K:
[1.557s] [01m[K/media/psf/Projekt_Mobile_Robotik/02_Roboprogramm/03_Pong/ros2_ws/src/classes/states/initState.hpp:58:38:[m[K [01;36m[Knote: [m[K  initializing argument 1 of ‘[01m[Kvoid InitState::setPositionReference(float&, float&)[m[K’
[1.557s]    58 |     void setPositionReference([01;36m[Kfloat &xRef[m[K, float &yRef);
[1.557s]       |                               [01;36m[K~~~~~~~^~~~[m[K
[1.558s] [01m[K/media/psf/Projekt_Mobile_Robotik/02_Roboprogramm/03_Pong/ros2_ws/src/classes/states/initState.cpp:102:38:[m[K [01;31m[Kerror: [m[Kcannot convert ‘[01m[Kfloat*[m[K’ to ‘[01m[Kfloat&[m[K’
[1.558s]   102 |                 setPositionReference([01;31m[K&_xPosLine21[m[K, &_yPosLine21);
[1.558s]       |                                      [01;31m[K^~~~~~~~~~~~[m[K
[1.559s]       |                                      [01;31m[K|[m[K
[1.559s]       |                                      [01;31m[Kfloat*[m[K
[1.559s] In file included from [01m[K/media/psf/Projekt_Mobile_Robotik/02_Roboprogramm/03_Pong/ros2_ws/src/classes/states/initState.cpp:8[m[K:
[1.560s] [01m[K/media/psf/Projekt_Mobile_Robotik/02_Roboprogramm/03_Pong/ros2_ws/src/classes/states/initState.hpp:58:38:[m[K [01;36m[Knote: [m[K  initializing argument 1 of ‘[01m[Kvoid InitState::setPositionReference(float&, float&)[m[K’
[1.560s]    58 |     void setPositionReference([01;36m[Kfloat &xRef[m[K, float &yRef);
[1.560s]       |                               [01;36m[K~~~~~~~^~~~[m[K
[1.561s] [01m[K/media/psf/Projekt_Mobile_Robotik/02_Roboprogramm/03_Pong/ros2_ws/src/classes/states/initState.cpp:117:38:[m[K [01;31m[Kerror: [m[Kcannot convert ‘[01m[Kfloat*[m[K’ to ‘[01m[Kfloat&[m[K’
[1.561s]   117 |                 setPositionReference([01;31m[K&_xPosLine22[m[K, &_yPosLine22);
[1.561s]       |                                      [01;31m[K^~~~~~~~~~~~[m[K
[1.562s]       |                                      [01;31m[K|[m[K
[1.562s]       |                                      [01;31m[Kfloat*[m[K
[1.562s] In file included from [01m[K/media/psf/Projekt_Mobile_Robotik/02_Roboprogramm/03_Pong/ros2_ws/src/classes/states/initState.cpp:8[m[K:
[1.562s] [01m[K/media/psf/Projekt_Mobile_Robotik/02_Roboprogramm/03_Pong/ros2_ws/src/classes/states/initState.hpp:58:38:[m[K [01;36m[Knote: [m[K  initializing argument 1 of ‘[01m[Kvoid InitState::setPositionReference(float&, float&)[m[K’
[1.563s]    58 |     void setPositionReference([01;36m[Kfloat &xRef[m[K, float &yRef);
[1.563s]       |                               [01;36m[K~~~~~~~^~~~[m[K
[3.047s] gmake[3]: *** [CMakeFiles/pong_game.dir/build.make:104: CMakeFiles/pong_game.dir/src/classes/states/initState.cpp.o] Error 1
[3.047s] gmake[3]: *** Waiting for unfinished jobs....
[5.653s] gmake[3]: Leaving directory '/media/psf/Projekt_Mobile_Robotik/02_Roboprogramm/03_Pong/ros2_ws/build/pong_game'
[5.654s] gmake[2]: *** [CMakeFiles/Makefile2:137: CMakeFiles/pong_game.dir/all] Error 2
[5.655s] gmake[2]: Leaving directory '/media/psf/Projekt_Mobile_Robotik/02_Roboprogramm/03_Pong/ros2_ws/build/pong_game'
[5.655s] gmake[1]: *** [Makefile:146: all] Error 2
[5.656s] gmake[1]: Leaving directory '/media/psf/Projekt_Mobile_Robotik/02_Roboprogramm/03_Pong/ros2_ws/build/pong_game'
[5.656s] Invoked command in '/media/psf/Projekt_Mobile_Robotik/02_Roboprogramm/03_Pong/ros2_ws/build/pong_game' returned '2': CMAKE_PREFIX_PATH=/opt/ros/humble /usr/bin/cmake --build /media/psf/Projekt_Mobile_Robotik/02_Roboprogramm/03_Pong/ros2_ws/build/pong_game -- -j2 -l2
