[01m[K/media/psf/Projekt_Mobile_Robotik/02_Roboprogramm/02_Turtlebot4/ros2_ws/src/classes/states/initState.cpp:[m[K In constructor ‘[01m[KInitState::InitState(StateMachine*)[m[K’:
[01m[K/media/psf/Projekt_Mobile_Robotik/02_Roboprogramm/02_Turtlebot4/ros2_ws/src/classes/states/initState.cpp:12:7:[m[K [01;31m[Kerror: [m[Ktype ‘[01m[Krclcpp::Node[m[K’ is not a direct base of ‘[01m[KInitState[m[K’
   12 |     : [01;31m[KNode[m[K("init_state"), _stateMachine(*stateMachine) {
      |       [01;31m[K^~~~[m[K
[01m[K/media/psf/Projekt_Mobile_Robotik/02_Roboprogramm/02_Turtlebot4/ros2_ws/src/classes/states/initState.cpp:12:54:[m[K [01;31m[Kerror: [m[Kno matching function for call to ‘[01m[KState::State()[m[K’
   12 |     : Node("init_state"), _stateMachine(*stateMachine[01;31m[K)[m[K {
      |                                                      [01;31m[K^[m[K
In file included from [01m[K/media/psf/Projekt_Mobile_Robotik/02_Roboprogramm/02_Turtlebot4/ros2_ws/src/classes/states/../statemachine.hpp:6[m[K,
                 from [01m[K/media/psf/Projekt_Mobile_Robotik/02_Roboprogramm/02_Turtlebot4/ros2_ws/src/classes/states/initState.cpp:6[m[K:
[01m[K/media/psf/Projekt_Mobile_Robotik/02_Roboprogramm/02_Turtlebot4/ros2_ws/src/classes/states/../states/state.hpp:31:14:[m[K [01;36m[Knote: [m[Kcandidate: ‘[01m[KState::State(StateMachine*)[m[K’
   31 |     explicit [01;36m[KState[m[K(StateMachine* stateMachine) : Node("state"), _stateMachine(stateMachine) {};
      |              [01;36m[K^~~~~[m[K
[01m[K/media/psf/Projekt_Mobile_Robotik/02_Roboprogramm/02_Turtlebot4/ros2_ws/src/classes/states/../states/state.hpp:31:14:[m[K [01;36m[Knote: [m[K  candidate expects 1 argument, 0 provided
[01m[K/media/psf/Projekt_Mobile_Robotik/02_Roboprogramm/02_Turtlebot4/ros2_ws/src/classes/states/initState.cpp:12:41:[m[K [01;31m[Kerror: [m[Kcannot convert ‘[01m[KStateMachine[m[K’ to ‘[01m[KStateMachine*[m[K’ in initialization
   12 |     : Node("init_state"), _stateMachine([01;31m[K*stateMachine[m[K) {
      |                                         [01;31m[K^~~~~~~~~~~~~[m[K
      |                                         [01;31m[K|[m[K
      |                                         [01;31m[KStateMachine[m[K
[01m[K/media/psf/Projekt_Mobile_Robotik/02_Roboprogramm/02_Turtlebot4/ros2_ws/src/classes/states/initState.cpp:[m[K In member function ‘[01m[Kvirtual void InitState::onEnter()[m[K’:
[01m[K/media/psf/Projekt_Mobile_Robotik/02_Roboprogramm/02_Turtlebot4/ros2_ws/src/classes/states/initState.cpp:22:31:[m[K [01;31m[Kerror: [m[K‘[01m[KreceiveUserInput[m[K’ is not a member of ‘[01m[KInitState[m[K’
   22 |         std::bind(&InitState::[01;31m[KreceiveUserInput[m[K, this, std::placeholders::_1)
      |                               [01;31m[K^~~~~~~~~~~~~~~~[m[K
[01m[K/media/psf/Projekt_Mobile_Robotik/02_Roboprogramm/02_Turtlebot4/ros2_ws/src/classes/states/initState.cpp:[m[K At global scope:
[01m[K/media/psf/Projekt_Mobile_Robotik/02_Roboprogramm/02_Turtlebot4/ros2_ws/src/classes/states/initState.cpp:50:6:[m[K [01;31m[Kerror: [m[Kno declaration matches ‘[01m[Kvoid InitState::receiveUserInput(std_msgs::msg::String_<std::allocator<void> >::SharedPtr)[m[K’
   50 | void [01;31m[KInitState[m[K::receiveUserInput(const std_msgs::msg::String::SharedPtr msg) {
      |      [01;31m[K^~~~~~~~~[m[K
[01m[K/media/psf/Projekt_Mobile_Robotik/02_Roboprogramm/02_Turtlebot4/ros2_ws/src/classes/states/initState.cpp:50:6:[m[K [01;36m[Knote: [m[Kno functions named ‘[01m[Kvoid InitState::receiveUserInput(std_msgs::msg::String_<std::allocator<void> >::SharedPtr)[m[K’
In file included from [01m[K/media/psf/Projekt_Mobile_Robotik/02_Roboprogramm/02_Turtlebot4/ros2_ws/src/classes/states/initState.cpp:7[m[K:
[01m[K/media/psf/Projekt_Mobile_Robotik/02_Roboprogramm/02_Turtlebot4/ros2_ws/src/classes/states/initState.hpp:10:7:[m[K [01;36m[Knote: [m[K‘[01m[Kclass InitState[m[K’ defined here
   10 | class [01;36m[KInitState[m[K : public State {
      |       [01;36m[K^~~~~~~~~[m[K
In file included from [01m[K/usr/include/aarch64-linux-gnu/c++/11/bits/c++allocator.h:33[m[K,
                 from [01m[K/usr/include/c++/11/bits/allocator.h:46[m[K,
                 from [01m[K/usr/include/c++/11/memory:64[m[K,
                 from [01m[K/opt/ros/humble/include/rclcpp/rclcpp/rclcpp.hpp:153[m[K,
                 from [01m[K/media/psf/Projekt_Mobile_Robotik/02_Roboprogramm/02_Turtlebot4/ros2_ws/src/classes/states/initState.cpp:5[m[K:
/usr/include/c++/11/ext/new_allocator.h: In instantiation of ‘[01m[Kvoid __gnu_cxx::new_allocator<_Tp>::construct(_Up*, _Args&& ...) [with _Up = InitState; _Args = {InitState*}; _Tp = InitState][m[K’:
[01m[K/usr/include/c++/11/bits/alloc_traits.h:516:17:[m[K   required from ‘[01m[Kstatic void std::allocator_traits<std::allocator<_CharT> >::construct(std::allocator_traits<std::allocator<_CharT> >::allocator_type&, _Up*, _Args&& ...) [with _Up = InitState; _Args = {InitState*}; _Tp = InitState; std::allocator_traits<std::allocator<_CharT> >::allocator_type = std::allocator<InitState>][m[K’
[01m[K/usr/include/c++/11/bits/shared_ptr_base.h:519:39:[m[K   required from ‘[01m[Kstd::_Sp_counted_ptr_inplace<_Tp, _Alloc, _Lp>::_Sp_counted_ptr_inplace(_Alloc, _Args&& ...) [with _Args = {InitState*}; _Tp = InitState; _Alloc = std::allocator<InitState>; __gnu_cxx::_Lock_policy _Lp = __gnu_cxx::_S_atomic][m[K’
[01m[K/usr/include/c++/11/bits/shared_ptr_base.h:650:16:[m[K   required from ‘[01m[Kstd::__shared_count<_Lp>::__shared_count(_Tp*&, std::_Sp_alloc_shared_tag<_Alloc>, _Args&& ...) [with _Tp = InitState; _Alloc = std::allocator<InitState>; _Args = {InitState*}; __gnu_cxx::_Lock_policy _Lp = __gnu_cxx::_S_atomic][m[K’
[01m[K/usr/include/c++/11/bits/shared_ptr_base.h:1342:14:[m[K   required from ‘[01m[Kstd::__shared_ptr<_Tp, _Lp>::__shared_ptr(std::_Sp_alloc_shared_tag<_Tp>, _Args&& ...) [with _Alloc = std::allocator<InitState>; _Args = {InitState*}; _Tp = InitState; __gnu_cxx::_Lock_policy _Lp = __gnu_cxx::_S_atomic][m[K’
[01m[K/usr/include/c++/11/bits/shared_ptr.h:409:59:[m[K   required from ‘[01m[Kstd::shared_ptr<_Tp>::shared_ptr(std::_Sp_alloc_shared_tag<_Tp>, _Args&& ...) [with _Alloc = std::allocator<InitState>; _Args = {InitState*}; _Tp = InitState][m[K’
[01m[K/usr/include/c++/11/bits/shared_ptr.h:862:14:[m[K   required from ‘[01m[Kstd::shared_ptr<_Tp> std::allocate_shared(const _Alloc&, _Args&& ...) [with _Tp = InitState; _Alloc = std::allocator<InitState>; _Args = {InitState*}][m[K’
[01m[K/usr/include/c++/11/bits/shared_ptr.h:878:39:[m[K   required from ‘[01m[Kstd::shared_ptr<_Tp> std::make_shared(_Args&& ...) [with _Tp = InitState; _Args = {InitState*}][m[K’
[01m[K/media/psf/Projekt_Mobile_Robotik/02_Roboprogramm/02_Turtlebot4/ros2_ws/src/classes/states/initState.cpp:33:45:[m[K   required from here
[01m[K/usr/include/c++/11/ext/new_allocator.h:162:11:[m[K [01;31m[Kerror: [m[Kno matching function for call to ‘[01m[KInitState::InitState(InitState*)[m[K’
  162 |         { [01;31m[K::new((void *)__p) _Up(std::forward<_Args>(__args)...)[m[K; }
      |           [01;31m[K^~~~~~~~~~~~~~~~~~~~~~~~~~~~~~~~~~~~~~~~~~~~~~~~~~~~~~[m[K
[01m[K/media/psf/Projekt_Mobile_Robotik/02_Roboprogramm/02_Turtlebot4/ros2_ws/src/classes/states/initState.cpp:11:1:[m[K [01;36m[Knote: [m[Kcandidate: ‘[01m[KInitState::InitState(StateMachine*)[m[K’
   11 | [01;36m[KInitState[m[K::InitState(StateMachine *stateMachine)
      | [01;36m[K^~~~~~~~~[m[K
[01m[K/media/psf/Projekt_Mobile_Robotik/02_Roboprogramm/02_Turtlebot4/ros2_ws/src/classes/states/initState.cpp:11:36:[m[K [01;36m[Knote: [m[K  no known conversion for argument 1 from ‘[01m[KInitState*[m[K’ to ‘[01m[KStateMachine*[m[K’
   11 | InitState::InitState([01;36m[KStateMachine *stateMachine[m[K)
      |                      [01;36m[K~~~~~~~~~~~~~~^~~~~~~~~~~~[m[K
gmake[3]: *** [CMakeFiles/pong_game.dir/build.make:118: CMakeFiles/pong_game.dir/src/classes/states/initState.cpp.o] Error 1
gmake[2]: *** [CMakeFiles/Makefile2:137: CMakeFiles/pong_game.dir/all] Error 2
gmake[1]: *** [Makefile:146: all] Error 2
