[0.035s] Invoking command in '/media/psf/Projekt_Mobile_Robotik/02_Roboprogramm/03_Pong/ros2_ws/build/pong_game': CMAKE_PREFIX_PATH=/opt/ros/humble /usr/bin/cmake --build /media/psf/Projekt_Mobile_Robotik/02_Roboprogramm/03_Pong/ros2_ws/build/pong_game -- -j2 -l2
[0.040s] gmake[1]: Entering directory '/media/psf/Projekt_Mobile_Robotik/02_Roboprogramm/03_Pong/ros2_ws/build/pong_game'
[0.069s] -- Found ament_cmake: 1.3.12 (/opt/ros/humble/share/ament_cmake/cmake)
[0.164s] -- Found rclcpp: 16.0.15 (/opt/ros/humble/share/rclcpp/cmake)
[0.183s] -- Found rosidl_generator_c: 3.1.7 (/opt/ros/humble/share/rosidl_generator_c/cmake)
[0.184s] -- Found rosidl_adapter: 3.1.7 (/opt/ros/humble/share/rosidl_adapter/cmake)
[0.188s] -- Found rosidl_generator_cpp: 3.1.7 (/opt/ros/humble/share/rosidl_generator_cpp/cmake)
[0.195s] -- Using all available rosidl_typesupport_c: rosidl_typesupport_fastrtps_c;rosidl_typesupport_introspection_c
[0.201s] -- Using all available rosidl_typesupport_cpp: rosidl_typesupport_fastrtps_cpp;rosidl_typesupport_introspection_cpp
[0.221s] -- Found rmw_implementation_cmake: 6.1.2 (/opt/ros/humble/share/rmw_implementation_cmake/cmake)
[0.222s] -- Found rmw_fastrtps_cpp: 6.2.9 (/opt/ros/humble/share/rmw_fastrtps_cpp/cmake)
[0.313s] -- Using RMW implementation 'rmw_fastrtps_cpp' as default
[0.344s] -- Found rclcpp_action: 16.0.15 (/opt/ros/humble/share/rclcpp_action/cmake)
[0.364s] -- Found irobot_create_msgs: 2.1.0 (/opt/ros/humble/share/irobot_create_msgs/cmake)
[0.386s] -- Found nav2_msgs: 1.1.19 (/opt/ros/humble/share/nav2_msgs/cmake)
[0.420s] -- Found sensor_msgs: 4.9.0 (/opt/ros/humble/share/sensor_msgs/cmake)
[0.497s] -- Configuring done
[0.537s] -- Generating done
[0.563s] -- Build files have been written to: /media/psf/Projekt_Mobile_Robotik/02_Roboprogramm/03_Pong/ros2_ws/build/pong_game
[0.576s] gmake[2]: Entering directory '/media/psf/Projekt_Mobile_Robotik/02_Roboprogramm/03_Pong/ros2_ws/build/pong_game'
[0.578s] gmake[3]: Entering directory '/media/psf/Projekt_Mobile_Robotik/02_Roboprogramm/03_Pong/ros2_ws/build/pong_game'
[0.604s] [35m[1mConsolidate compiler generated dependencies of target pong_game[0m
[1.009s] gmake[3]: Leaving directory '/media/psf/Projekt_Mobile_Robotik/02_Roboprogramm/03_Pong/ros2_ws/build/pong_game'
[1.019s] gmake[3]: Entering directory '/media/psf/Projekt_Mobile_Robotik/02_Roboprogramm/03_Pong/ros2_ws/build/pong_game'
[1.024s] [ 10%] [32mBuilding CXX object CMakeFiles/pong_game.dir/src/main.cpp.o[0m
[1.034s] [ 20%] [32mBuilding CXX object CMakeFiles/pong_game.dir/src/classes/terminalPub.cpp.o[0m
[4.240s] [ 30%] [32mBuilding CXX object CMakeFiles/pong_game.dir/src/classes/states/initState.cpp.o[0m
[5.338s] [ 40%] [32mBuilding CXX object CMakeFiles/pong_game.dir/src/classes/states/idleState.cpp.o[0m
[15.552s] [ 50%] [32mBuilding CXX object CMakeFiles/pong_game.dir/src/classes/states/bounceState.cpp.o[0m
[21.291s] [ 60%] [32mBuilding CXX object CMakeFiles/pong_game.dir/src/classes/states/driveState.cpp.o[0m
[29.282s] [ 70%] [32mBuilding CXX object CMakeFiles/pong_game.dir/src/classes/states/backToStartState.cpp.o[0m
[31.729s] [ 80%] [32mBuilding CXX object CMakeFiles/pong_game.dir/src/classes/states/errorState.cpp.o[0m
[31.746s] [ 90%] [32mBuilding CXX object CMakeFiles/pong_game.dir/src/classes/statemachine.cpp.o[0m
[33.912s] [100%] [32m[1mLinking CXX executable pong_game[0m
[36.146s] gmake[3]: Leaving directory '/media/psf/Projekt_Mobile_Robotik/02_Roboprogramm/03_Pong/ros2_ws/build/pong_game'
[36.157s] [100%] Built target pong_game
[36.158s] gmake[2]: Leaving directory '/media/psf/Projekt_Mobile_Robotik/02_Roboprogramm/03_Pong/ros2_ws/build/pong_game'
[36.166s] gmake[1]: Leaving directory '/media/psf/Projekt_Mobile_Robotik/02_Roboprogramm/03_Pong/ros2_ws/build/pong_game'
[36.168s] Invoked command in '/media/psf/Projekt_Mobile_Robotik/02_Roboprogramm/03_Pong/ros2_ws/build/pong_game' returned '0': CMAKE_PREFIX_PATH=/opt/ros/humble /usr/bin/cmake --build /media/psf/Projekt_Mobile_Robotik/02_Roboprogramm/03_Pong/ros2_ws/build/pong_game -- -j2 -l2
[36.177s] Invoking command in '/media/psf/Projekt_Mobile_Robotik/02_Roboprogramm/03_Pong/ros2_ws/build/pong_game': CMAKE_PREFIX_PATH=/opt/ros/humble /usr/bin/cmake --install /media/psf/Projekt_Mobile_Robotik/02_Roboprogramm/03_Pong/ros2_ws/build/pong_game
[36.183s] -- Install configuration: ""
[36.184s] -- Installing: /media/psf/Projekt_Mobile_Robotik/02_Roboprogramm/03_Pong/ros2_ws/install/pong_game/lib/pong_game/pong_game
[36.398s] -- Set runtime path of "/media/psf/Projekt_Mobile_Robotik/02_Roboprogramm/03_Pong/ros2_ws/install/pong_game/lib/pong_game/pong_game" to ""
[36.399s] -- Up-to-date: /media/psf/Projekt_Mobile_Robotik/02_Roboprogramm/03_Pong/ros2_ws/install/pong_game/share/ament_index/resource_index/package_run_dependencies/pong_game
[36.399s] -- Up-to-date: /media/psf/Projekt_Mobile_Robotik/02_Roboprogramm/03_Pong/ros2_ws/install/pong_game/share/ament_index/resource_index/parent_prefix_path/pong_game
[36.401s] -- Up-to-date: /media/psf/Projekt_Mobile_Robotik/02_Roboprogramm/03_Pong/ros2_ws/install/pong_game/share/pong_game/environment/ament_prefix_path.sh
[36.401s] -- Installing: /media/psf/Projekt_Mobile_Robotik/02_Roboprogramm/03_Pong/ros2_ws/install/pong_game/share/pong_game/environment/ament_prefix_path.dsv
[36.403s] -- Up-to-date: /media/psf/Projekt_Mobile_Robotik/02_Roboprogramm/03_Pong/ros2_ws/install/pong_game/share/pong_game/environment/path.sh
[36.404s] -- Installing: /media/psf/Projekt_Mobile_Robotik/02_Roboprogramm/03_Pong/ros2_ws/install/pong_game/share/pong_game/environment/path.dsv
[36.406s] -- Up-to-date: /media/psf/Projekt_Mobile_Robotik/02_Roboprogramm/03_Pong/ros2_ws/install/pong_game/share/pong_game/local_setup.bash
[36.406s] -- Up-to-date: /media/psf/Projekt_Mobile_Robotik/02_Roboprogramm/03_Pong/ros2_ws/install/pong_game/share/pong_game/local_setup.sh
[36.407s] -- Up-to-date: /media/psf/Projekt_Mobile_Robotik/02_Roboprogramm/03_Pong/ros2_ws/install/pong_game/share/pong_game/local_setup.zsh
[36.407s] -- Installing: /media/psf/Projekt_Mobile_Robotik/02_Roboprogramm/03_Pong/ros2_ws/install/pong_game/share/pong_game/local_setup.dsv
[36.409s] -- Installing: /media/psf/Projekt_Mobile_Robotik/02_Roboprogramm/03_Pong/ros2_ws/install/pong_game/share/pong_game/package.dsv
[36.411s] -- Up-to-date: /media/psf/Projekt_Mobile_Robotik/02_Roboprogramm/03_Pong/ros2_ws/install/pong_game/share/ament_index/resource_index/packages/pong_game
[36.412s] -- Up-to-date: /media/psf/Projekt_Mobile_Robotik/02_Roboprogramm/03_Pong/ros2_ws/install/pong_game/share/pong_game/cmake/pong_gameConfig.cmake
[36.413s] -- Up-to-date: /media/psf/Projekt_Mobile_Robotik/02_Roboprogramm/03_Pong/ros2_ws/install/pong_game/share/pong_game/cmake/pong_gameConfig-version.cmake
[36.413s] -- Up-to-date: /media/psf/Projekt_Mobile_Robotik/02_Roboprogramm/03_Pong/ros2_ws/install/pong_game/share/pong_game/package.xml
[36.415s] Invoked command in '/media/psf/Projekt_Mobile_Robotik/02_Roboprogramm/03_Pong/ros2_ws/build/pong_game' returned '0': CMAKE_PREFIX_PATH=/opt/ros/humble /usr/bin/cmake --install /media/psf/Projekt_Mobile_Robotik/02_Roboprogramm/03_Pong/ros2_ws/build/pong_game
