[0.012s] Invoking command in '/media/psf/Projekt_Mobile_Robotik/02_Roboprogramm/03_Pong/ros2_ws/build/pong_game': CMAKE_PREFIX_PATH=/opt/ros/humble /usr/bin/cmake --build /media/psf/Projekt_Mobile_Robotik/02_Roboprogramm/03_Pong/ros2_ws/build/pong_game -- -j2 -l2
[0.016s] gmake[1]: Entering directory '/media/psf/Projekt_Mobile_Robotik/02_Roboprogramm/03_Pong/ros2_ws/build/pong_game'
[0.037s] gmake[2]: Entering directory '/media/psf/Projekt_Mobile_Robotik/02_Roboprogramm/03_Pong/ros2_ws/build/pong_game'
[0.042s] gmake[3]: Entering directory '/media/psf/Projekt_Mobile_Robotik/02_Roboprogramm/03_Pong/ros2_ws/build/pong_game'
[0.050s] [35m[1mConsolidate compiler generated dependencies of target pong_game[0m
[0.460s] gmake[3]: Leaving directory '/media/psf/Projekt_Mobile_Robotik/02_Roboprogramm/03_Pong/ros2_ws/build/pong_game'
[0.468s] gmake[3]: Entering directory '/media/psf/Projekt_Mobile_Robotik/02_Roboprogramm/03_Pong/ros2_ws/build/pong_game'
[0.476s] [ 20%] [32mBuilding CXX object CMakeFiles/pong_game.dir/src/classes/states/initState.cpp.o[0m
[0.477s] [ 20%] [32mBuilding CXX object CMakeFiles/pong_game.dir/src/classes/states/bounceState.cpp.o[0m
[1.536s] [01m[K/media/psf/Projekt_Mobile_Robotik/02_Roboprogramm/03_Pong/ros2_ws/src/classes/states/initState.cpp:[m[K In member function ‘[01m[Kvirtual void InitState::run()[m[K’:
[1.536s] [01m[K/media/psf/Projekt_Mobile_Robotik/02_Roboprogramm/03_Pong/ros2_ws/src/classes/states/initState.cpp:73:38:[m[K [01;31m[Kerror: [m[Kcannot convert ‘[01m[Kfloat*[m[K’ to ‘[01m[Kfloat&[m[K’
[1.537s]    73 |                 setPositionReference([01;31m[K&_xPosLine11[m[K, &_yPosLine11);
[1.537s]       |                                      [01;31m[K^~~~~~~~~~~~[m[K
[1.537s]       |                                      [01;31m[K|[m[K
[1.538s]       |                                      [01;31m[Kfloat*[m[K
[1.538s] In file included from [01m[K/media/psf/Projekt_Mobile_Robotik/02_Roboprogramm/03_Pong/ros2_ws/src/classes/states/initState.cpp:8[m[K:
[1.538s] [01m[K/media/psf/Projekt_Mobile_Robotik/02_Roboprogramm/03_Pong/ros2_ws/src/classes/states/initState.hpp:58:38:[m[K [01;36m[Knote: [m[K  initializing argument 1 of ‘[01m[Kvoid InitState::setPositionReference(float&, float&)[m[K’
[1.539s]    58 |     void setPositionReference([01;36m[Kfloat &xRef[m[K, float &yRef);
[1.539s]       |                               [01;36m[K~~~~~~~^~~~[m[K
[1.539s] [01m[K/media/psf/Projekt_Mobile_Robotik/02_Roboprogramm/03_Pong/ros2_ws/src/classes/states/initState.cpp:102:38:[m[K [01;31m[Kerror: [m[Kcannot convert ‘[01m[Kfloat*[m[K’ to ‘[01m[Kfloat&[m[K’
[1.540s]   102 |                 setPositionReference([01;31m[K&_xPosLine21[m[K, &_yPosLine21);
[1.540s]       |                                      [01;31m[K^~~~~~~~~~~~[m[K
[1.540s]       |                                      [01;31m[K|[m[K
[1.541s]       |                                      [01;31m[Kfloat*[m[K
[1.541s] In file included from [01m[K/media/psf/Projekt_Mobile_Robotik/02_Roboprogramm/03_Pong/ros2_ws/src/classes/states/initState.cpp:8[m[K:
[1.541s] [01m[K/media/psf/Projekt_Mobile_Robotik/02_Roboprogramm/03_Pong/ros2_ws/src/classes/states/initState.hpp:58:38:[m[K [01;36m[Knote: [m[K  initializing argument 1 of ‘[01m[Kvoid InitState::setPositionReference(float&, float&)[m[K’
[1.541s]    58 |     void setPositionReference([01;36m[Kfloat &xRef[m[K, float &yRef);
[1.542s]       |                               [01;36m[K~~~~~~~^~~~[m[K
[1.542s] [01m[K/media/psf/Projekt_Mobile_Robotik/02_Roboprogramm/03_Pong/ros2_ws/src/classes/states/initState.cpp:117:38:[m[K [01;31m[Kerror: [m[Kcannot convert ‘[01m[Kfloat*[m[K’ to ‘[01m[Kfloat&[m[K’
[1.542s]   117 |                 setPositionReference([01;31m[K&_xPosLine22[m[K, &_yPosLine22);
[1.542s]       |                                      [01;31m[K^~~~~~~~~~~~[m[K
[1.543s]       |                                      [01;31m[K|[m[K
[1.543s]       |                                      [01;31m[Kfloat*[m[K
[1.543s] In file included from [01m[K/media/psf/Projekt_Mobile_Robotik/02_Roboprogramm/03_Pong/ros2_ws/src/classes/states/initState.cpp:8[m[K:
[1.544s] [01m[K/media/psf/Projekt_Mobile_Robotik/02_Roboprogramm/03_Pong/ros2_ws/src/classes/states/initState.hpp:58:38:[m[K [01;36m[Knote: [m[K  initializing argument 1 of ‘[01m[Kvoid InitState::setPositionReference(float&, float&)[m[K’
[1.544s]    58 |     void setPositionReference([01;36m[Kfloat &xRef[m[K, float &yRef);
[1.544s]       |                               [01;36m[K~~~~~~~^~~~[m[K
[2.944s] [ 30%] [32mBuilding CXX object CMakeFiles/pong_game.dir/src/classes/states/driveState.cpp.o[0m
[3.070s] gmake[3]: *** [CMakeFiles/pong_game.dir/build.make:104: CMakeFiles/pong_game.dir/src/classes/states/initState.cpp.o] Error 1
[3.070s] gmake[3]: *** Waiting for unfinished jobs....
[8.957s] gmake[3]: Leaving directory '/media/psf/Projekt_Mobile_Robotik/02_Roboprogramm/03_Pong/ros2_ws/build/pong_game'
[8.958s] gmake[2]: *** [CMakeFiles/Makefile2:137: CMakeFiles/pong_game.dir/all] Error 2
[8.959s] gmake[2]: Leaving directory '/media/psf/Projekt_Mobile_Robotik/02_Roboprogramm/03_Pong/ros2_ws/build/pong_game'
[8.959s] gmake[1]: *** [Makefile:146: all] Error 2
[8.960s] gmake[1]: Leaving directory '/media/psf/Projekt_Mobile_Robotik/02_Roboprogramm/03_Pong/ros2_ws/build/pong_game'
[8.960s] Invoked command in '/media/psf/Projekt_Mobile_Robotik/02_Roboprogramm/03_Pong/ros2_ws/build/pong_game' returned '2': CMAKE_PREFIX_PATH=/opt/ros/humble /usr/bin/cmake --build /media/psf/Projekt_Mobile_Robotik/02_Roboprogramm/03_Pong/ros2_ws/build/pong_game -- -j2 -l2
