gmake[1]: Entering directory '/media/psf/Projekt_Mobile_Robotik/02_Roboprogramm/02_Turtlebot4/ros2_ws/build/pong_game'
-- Found ament_cmake: 1.3.12 (/opt/ros/humble/share/ament_cmake/cmake)
-- Found rclcpp: 16.0.15 (/opt/ros/humble/share/rclcpp/cmake)
-- Found rosidl_generator_c: 3.1.7 (/opt/ros/humble/share/rosidl_generator_c/cmake)
-- Found rosidl_adapter: 3.1.7 (/opt/ros/humble/share/rosidl_adapter/cmake)
-- Found rosidl_generator_cpp: 3.1.7 (/opt/ros/humble/share/rosidl_generator_cpp/cmake)
-- Using all available rosidl_typesupport_c: rosidl_typesupport_fastrtps_c;rosidl_typesupport_introspection_c
-- Using all available rosidl_typesupport_cpp: rosidl_typesupport_fastrtps_cpp;rosidl_typesupport_introspection_cpp
-- Found rmw_implementation_cmake: 6.1.2 (/opt/ros/humble/share/rmw_implementation_cmake/cmake)
-- Found rmw_fastrtps_cpp: 6.2.9 (/opt/ros/humble/share/rmw_fastrtps_cpp/cmake)
-- Using RMW implementation 'rmw_fastrtps_cpp' as default
-- Found irobot_create_msgs: 2.1.0 (/opt/ros/humble/share/irobot_create_msgs/cmake)
-- Configuring done
-- Generating done
-- Build files have been written to: /media/psf/Projekt_Mobile_Robotik/02_Roboprogramm/02_Turtlebot4/ros2_ws/build/pong_game
gmake[2]: Entering directory '/media/psf/Projekt_Mobile_Robotik/02_Roboprogramm/02_Turtlebot4/ros2_ws/build/pong_game'
gmake[3]: Entering directory '/media/psf/Projekt_Mobile_Robotik/02_Roboprogramm/02_Turtlebot4/ros2_ws/build/pong_game'
[35m[1mConsolidate compiler generated dependencies of target pong_game[0m
gmake[3]: Leaving directory '/media/psf/Projekt_Mobile_Robotik/02_Roboprogramm/02_Turtlebot4/ros2_ws/build/pong_game'
gmake[3]: Entering directory '/media/psf/Projekt_Mobile_Robotik/02_Roboprogramm/02_Turtlebot4/ros2_ws/build/pong_game'
[ 20%] [32mBuilding CXX object CMakeFiles/pong_game.dir/src/main.cpp.o[0m
[ 40%] [32mBuilding CXX object CMakeFiles/pong_game.dir/src/classes/turtlebot4.cpp.o[0m
gmake[3]: Leaving directory '/media/psf/Projekt_Mobile_Robotik/02_Roboprogramm/02_Turtlebot4/ros2_ws/build/pong_game'
gmake[2]: Leaving directory '/media/psf/Projekt_Mobile_Robotik/02_Roboprogramm/02_Turtlebot4/ros2_ws/build/pong_game'
gmake[1]: Leaving directory '/media/psf/Projekt_Mobile_Robotik/02_Roboprogramm/02_Turtlebot4/ros2_ws/build/pong_game'
