gmake[1]: Entering directory '/media/psf/Projekt_Mobile_Robotik/02_Roboprogramm/02_Turtlebot4/ros2_ws/build/pong_game'
-- Found ament_cmake: 1.3.12 (/opt/ros/humble/share/ament_cmake/cmake)
-- Found rclcpp: 16.0.15 (/opt/ros/humble/share/rclcpp/cmake)
-- Found rosidl_generator_c: 3.1.7 (/opt/ros/humble/share/rosidl_generator_c/cmake)
-- Found rosidl_adapter: 3.1.7 (/opt/ros/humble/share/rosidl_adapter/cmake)
-- Found rosidl_generator_cpp: 3.1.7 (/opt/ros/humble/share/rosidl_generator_cpp/cmake)
-- Using all available rosidl_typesupport_c: rosidl_typesupport_fastrtps_c;rosidl_typesupport_introspection_c
-- Using all available rosidl_typesupport_cpp: rosidl_typesupport_fastrtps_cpp;rosidl_typesupport_introspection_cpp
-- Found rmw_implementation_cmake: 6.1.2 (/opt/ros/humble/share/rmw_implementation_cmake/cmake)
-- Found rmw_fastrtps_cpp: 6.2.9 (/opt/ros/humble/share/rmw_fastrtps_cpp/cmake)
-- Using RMW implementation 'rmw_fastrtps_cpp' as default
-- Configuring done
-- Generating done
-- Build files have been written to: /media/psf/Projekt_Mobile_Robotik/02_Roboprogramm/02_Turtlebot4/ros2_ws/build/pong_game
gmake[2]: Entering directory '/media/psf/Projekt_Mobile_Robotik/02_Roboprogramm/02_Turtlebot4/ros2_ws/build/pong_game'
gmake[3]: Entering directory '/media/psf/Projekt_Mobile_Robotik/02_Roboprogramm/02_Turtlebot4/ros2_ws/build/pong_game'
[35m[1mConsolidate compiler generated dependencies of target pong_game[0m
gmake[3]: Leaving directory '/media/psf/Projekt_Mobile_Robotik/02_Roboprogramm/02_Turtlebot4/ros2_ws/build/pong_game'
gmake[3]: Entering directory '/media/psf/Projekt_Mobile_Robotik/02_Roboprogramm/02_Turtlebot4/ros2_ws/build/pong_game'
[ 33%] [32mBuilding CXX object CMakeFiles/pong_game.dir/src/main.cpp.o[0m
In file included from [01m[K/media/psf/Projekt_Mobile_Robotik/02_Roboprogramm/02_Turtlebot4/ros2_ws/src/classes/statemachine.hpp:7[m[K,
                 from [01m[K/media/psf/Projekt_Mobile_Robotik/02_Roboprogramm/02_Turtlebot4/ros2_ws/src/main.cpp:5[m[K:
[01m[K/media/psf/Projekt_Mobile_Robotik/02_Roboprogramm/02_Turtlebot4/ros2_ws/src/classes/turtlebot4.hpp:5:10:[m[K [01;31m[Kfatal error: [m[Kirobot_create_msgs/msg/interface_buttons.hpp: No such file or directory
    5 | #include [01;31m[K"irobot_create_msgs/msg/interface_buttons.hpp"[m[K
      |          [01;31m[K^~~~~~~~~~~~~~~~~~~~~~~~~~~~~~~~~~~~~~~~~~~~~~[m[K
compilation terminated.
gmake[3]: *** [CMakeFiles/pong_game.dir/build.make:76: CMakeFiles/pong_game.dir/src/main.cpp.o] Error 1
gmake[3]: Leaving directory '/media/psf/Projekt_Mobile_Robotik/02_Roboprogramm/02_Turtlebot4/ros2_ws/build/pong_game'
gmake[2]: *** [CMakeFiles/Makefile2:137: CMakeFiles/pong_game.dir/all] Error 2
gmake[2]: Leaving directory '/media/psf/Projekt_Mobile_Robotik/02_Roboprogramm/02_Turtlebot4/ros2_ws/build/pong_game'
gmake[1]: *** [Makefile:146: all] Error 2
gmake[1]: Leaving directory '/media/psf/Projekt_Mobile_Robotik/02_Roboprogramm/02_Turtlebot4/ros2_ws/build/pong_game'
