[0.013s] Invoking command in '/media/psf/Projekt_Mobile_Robotik/02_Roboprogramm/03_Pong/ros2_ws/build/pong_game': CMAKE_PREFIX_PATH=/opt/ros/humble /usr/bin/cmake --build /media/psf/Projekt_Mobile_Robotik/02_Roboprogramm/03_Pong/ros2_ws/build/pong_game -- -j2 -l2
[0.017s] gmake[1]: Entering directory '/media/psf/Projekt_Mobile_Robotik/02_Roboprogramm/03_Pong/ros2_ws/build/pong_game'
[0.039s] gmake[2]: Entering directory '/media/psf/Projekt_Mobile_Robotik/02_Roboprogramm/03_Pong/ros2_ws/build/pong_game'
[0.048s] gmake[3]: Entering directory '/media/psf/Projekt_Mobile_Robotik/02_Roboprogramm/03_Pong/ros2_ws/build/pong_game'
[0.054s] gmake[3]: Leaving directory '/media/psf/Projekt_Mobile_Robotik/02_Roboprogramm/03_Pong/ros2_ws/build/pong_game'
[0.063s] gmake[3]: Entering directory '/media/psf/Projekt_Mobile_Robotik/02_Roboprogramm/03_Pong/ros2_ws/build/pong_game'
[0.068s] [ 10%] [32mBuilding CXX object CMakeFiles/pong_game.dir/src/classes/states/idleState.cpp.o[0m
[0.069s] [ 20%] [32mBuilding CXX object CMakeFiles/pong_game.dir/src/classes/states/bounceState.cpp.o[0m
[0.205s] In file included from [01m[K/media/psf/Projekt_Mobile_Robotik/02_Roboprogramm/03_Pong/ros2_ws/src/classes/states/idleState.cpp:6[m[K:
[0.205s] [01m[K/media/psf/Projekt_Mobile_Robotik/02_Roboprogramm/03_Pong/ros2_ws/src/classes/states/idleState.hpp:9:10:[m[K [01;31m[Kfatal error: [m[K../turtlebot4.cpp: No such file or directory
[0.205s]     9 | #include [01;31m[K"../turtlebot4.cpp"[m[K
[0.206s]       |          [01;31m[K^~~~~~~~~~~~~~~~~~~[m[K
[0.206s] compilation terminated.
[0.208s] gmake[3]: *** [CMakeFiles/pong_game.dir/build.make:118: CMakeFiles/pong_game.dir/src/classes/states/idleState.cpp.o] Error 1
[0.208s] gmake[3]: *** Waiting for unfinished jobs....
[4.251s] gmake[3]: Leaving directory '/media/psf/Projekt_Mobile_Robotik/02_Roboprogramm/03_Pong/ros2_ws/build/pong_game'
[4.253s] gmake[2]: *** [CMakeFiles/Makefile2:137: CMakeFiles/pong_game.dir/all] Error 2
[4.254s] gmake[1]: *** [Makefile:146: all] Error 2
[4.254s] gmake[2]: Leaving directory '/media/psf/Projekt_Mobile_Robotik/02_Roboprogramm/03_Pong/ros2_ws/build/pong_game'
[4.255s] gmake[1]: Leaving directory '/media/psf/Projekt_Mobile_Robotik/02_Roboprogramm/03_Pong/ros2_ws/build/pong_game'
[4.255s] Invoked command in '/media/psf/Projekt_Mobile_Robotik/02_Roboprogramm/03_Pong/ros2_ws/build/pong_game' returned '2': CMAKE_PREFIX_PATH=/opt/ros/humble /usr/bin/cmake --build /media/psf/Projekt_Mobile_Robotik/02_Roboprogramm/03_Pong/ros2_ws/build/pong_game -- -j2 -l2
