[0.061s] DEBUG:colcon:Command line arguments: ['/usr/bin/colcon', 'build', '--packages-select', 'pong_game', 'pong_game']
[0.061s] DEBUG:colcon:Parsed command line arguments: Namespace(log_base=None, log_level=None, verb_name='build', build_base='build', install_base='install', merge_install=False, symlink_install=False, test_result_base=None, continue_on_error=False, executor='parallel', parallel_workers=2, event_handlers=None, ignore_user_meta=False, metas=['./colcon.meta'], base_paths=['.'], packages_ignore=None, packages_ignore_regex=None, paths=None, packages_up_to=None, packages_up_to_regex=None, packages_above=None, packages_above_and_dependencies=None, packages_above_depth=None, packages_select_by_dep=None, packages_skip_by_dep=None, packages_skip_up_to=None, packages_select_build_failed=False, packages_skip_build_finished=False, packages_select_test_failures=False, packages_skip_test_passed=False, packages_select=['pong_game', 'pong_game'], packages_skip=None, packages_select_regex=None, packages_skip_regex=None, packages_start=None, packages_end=None, allow_overriding=[], cmake_args=None, cmake_target=None, cmake_target_skip_unavailable=False, cmake_clean_cache=False, cmake_clean_first=False, cmake_force_configure=False, ament_cmake_args=None, catkin_cmake_args=None, catkin_skip_building_tests=False, mixin_files=None, mixin=None, verb_parser=<colcon_mixin.mixin.mixin_argument.MixinArgumentDecorator object at 0xffff83856b60>, verb_extension=<colcon_core.verb.build.BuildVerb object at 0xffff83856560>, main=<bound method BuildVerb.main of <colcon_core.verb.build.BuildVerb object at 0xffff83856560>>, mixin_verb=('build',))
[0.145s] Level 1:colcon.colcon_core.package_discovery:discover_packages(colcon_meta) check parameters
[0.145s] Level 1:colcon.colcon_core.package_discovery:discover_packages(recursive) check parameters
[0.146s] Level 1:colcon.colcon_core.package_discovery:discover_packages(ignore) check parameters
[0.146s] Level 1:colcon.colcon_core.package_discovery:discover_packages(path) check parameters
[0.146s] Level 1:colcon.colcon_core.package_discovery:discover_packages(colcon_meta) discover
[0.146s] Level 1:colcon.colcon_core.package_discovery:discover_packages(recursive) discover
[0.146s] INFO:colcon.colcon_core.package_discovery:Crawling recursively for packages in '/media/psf/Projekt_Mobile_Robotik/02_Roboprogramm/03_Pong/ros2_ws'
[0.147s] Level 1:colcon.colcon_core.package_identification:_identify(.) by extensions ['ignore', 'ignore_ament_install']
[0.147s] Level 1:colcon.colcon_core.package_identification:_identify(.) by extension 'ignore'
[0.147s] Level 1:colcon.colcon_core.package_identification:_identify(.) by extension 'ignore_ament_install'
[0.148s] Level 1:colcon.colcon_core.package_identification:_identify(.) by extensions ['colcon_pkg']
[0.148s] Level 1:colcon.colcon_core.package_identification:_identify(.) by extension 'colcon_pkg'
[0.148s] Level 1:colcon.colcon_core.package_identification:_identify(.) by extensions ['colcon_meta']
[0.148s] Level 1:colcon.colcon_core.package_identification:_identify(.) by extension 'colcon_meta'
[0.148s] Level 1:colcon.colcon_core.package_identification:_identify(.) by extensions ['ros']
[0.148s] Level 1:colcon.colcon_core.package_identification:_identify(.) by extension 'ros'
[0.161s] DEBUG:colcon.colcon_core.package_identification:Package '.' with type 'ros.ament_cmake' and name 'pong_game'
[0.162s] Level 1:colcon.colcon_core.package_discovery:discover_packages(recursive) using defaults
[0.162s] Level 1:colcon.colcon_core.package_discovery:discover_packages(ignore) discover
[0.162s] Level 1:colcon.colcon_core.package_discovery:discover_packages(ignore) using defaults
[0.162s] Level 1:colcon.colcon_core.package_discovery:discover_packages(path) discover
[0.162s] Level 1:colcon.colcon_core.package_discovery:discover_packages(path) using defaults
[0.171s] Level 1:colcon.colcon_core.package_discovery:discover_packages(prefix_path) check parameters
[0.171s] Level 1:colcon.colcon_core.package_discovery:discover_packages(prefix_path) discover
[0.173s] DEBUG:colcon.colcon_installed_package_information.package_discovery:Found 417 installed packages in /opt/ros/humble
[0.174s] Level 1:colcon.colcon_core.package_discovery:discover_packages(prefix_path) using defaults
[0.199s] Level 5:colcon.colcon_core.verb:set package 'pong_game' build argument 'cmake_args' from command line to 'None'
[0.199s] Level 5:colcon.colcon_core.verb:set package 'pong_game' build argument 'cmake_target' from command line to 'None'
[0.200s] Level 5:colcon.colcon_core.verb:set package 'pong_game' build argument 'cmake_target_skip_unavailable' from command line to 'False'
[0.200s] Level 5:colcon.colcon_core.verb:set package 'pong_game' build argument 'cmake_clean_cache' from command line to 'False'
[0.200s] Level 5:colcon.colcon_core.verb:set package 'pong_game' build argument 'cmake_clean_first' from command line to 'False'
[0.200s] Level 5:colcon.colcon_core.verb:set package 'pong_game' build argument 'cmake_force_configure' from command line to 'False'
[0.200s] Level 5:colcon.colcon_core.verb:set package 'pong_game' build argument 'ament_cmake_args' from command line to 'None'
[0.200s] Level 5:colcon.colcon_core.verb:set package 'pong_game' build argument 'catkin_cmake_args' from command line to 'None'
[0.200s] Level 5:colcon.colcon_core.verb:set package 'pong_game' build argument 'catkin_skip_building_tests' from command line to 'False'
[0.200s] DEBUG:colcon.colcon_core.verb:Building package 'pong_game' with the following arguments: {'ament_cmake_args': None, 'build_base': '/media/psf/Projekt_Mobile_Robotik/02_Roboprogramm/03_Pong/ros2_ws/build/pong_game', 'catkin_cmake_args': None, 'catkin_skip_building_tests': False, 'cmake_args': None, 'cmake_clean_cache': False, 'cmake_clean_first': False, 'cmake_force_configure': False, 'cmake_target': None, 'cmake_target_skip_unavailable': False, 'install_base': '/media/psf/Projekt_Mobile_Robotik/02_Roboprogramm/03_Pong/ros2_ws/install/pong_game', 'merge_install': False, 'path': '/media/psf/Projekt_Mobile_Robotik/02_Roboprogramm/03_Pong/ros2_ws', 'symlink_install': False, 'test_result_base': None}
[0.201s] INFO:colcon.colcon_core.executor:Executing jobs using 'parallel' executor
[0.201s] DEBUG:colcon.colcon_parallel_executor.executor.parallel:run_until_complete
[0.202s] INFO:colcon.colcon_ros.task.ament_cmake.build:Building ROS package in '/media/psf/Projekt_Mobile_Robotik/02_Roboprogramm/03_Pong/ros2_ws' with build type 'ament_cmake'
[0.202s] INFO:colcon.colcon_cmake.task.cmake.build:Building CMake package in '/media/psf/Projekt_Mobile_Robotik/02_Roboprogramm/03_Pong/ros2_ws'
[0.203s] INFO:colcon.colcon_core.plugin_system:Skipping extension 'colcon_core.shell.bat': Not used on non-Windows systems
[0.203s] INFO:colcon.colcon_core.shell:Skip shell extension 'powershell' for command environment: Not usable outside of PowerShell
[0.203s] DEBUG:colcon.colcon_core.shell:Skip shell extension 'dsv' for command environment
[0.217s] DEBUG:colcon.colcon_core.event_handler.log_command:Invoking command in '/media/psf/Projekt_Mobile_Robotik/02_Roboprogramm/03_Pong/ros2_ws/build/pong_game': CMAKE_PREFIX_PATH=/opt/ros/humble /usr/bin/cmake --build /media/psf/Projekt_Mobile_Robotik/02_Roboprogramm/03_Pong/ros2_ws/build/pong_game -- -j2 -l2
[5.073s] DEBUG:colcon.colcon_core.event_handler.log_command:Invoked command in '/media/psf/Projekt_Mobile_Robotik/02_Roboprogramm/03_Pong/ros2_ws/build/pong_game' returned '0': CMAKE_PREFIX_PATH=/opt/ros/humble /usr/bin/cmake --build /media/psf/Projekt_Mobile_Robotik/02_Roboprogramm/03_Pong/ros2_ws/build/pong_game -- -j2 -l2
[5.079s] DEBUG:colcon.colcon_core.event_handler.log_command:Invoking command in '/media/psf/Projekt_Mobile_Robotik/02_Roboprogramm/03_Pong/ros2_ws/build/pong_game': CMAKE_PREFIX_PATH=/opt/ros/humble /usr/bin/cmake --install /media/psf/Projekt_Mobile_Robotik/02_Roboprogramm/03_Pong/ros2_ws/build/pong_game
[5.470s] Level 1:colcon.colcon_core.environment:create_environment_scripts_only(pong_game)
[5.470s] DEBUG:colcon.colcon_core.event_handler.log_command:Invoked command in '/media/psf/Projekt_Mobile_Robotik/02_Roboprogramm/03_Pong/ros2_ws/build/pong_game' returned '0': CMAKE_PREFIX_PATH=/opt/ros/humble /usr/bin/cmake --install /media/psf/Projekt_Mobile_Robotik/02_Roboprogramm/03_Pong/ros2_ws/build/pong_game
[5.471s] Level 1:colcon.colcon_core.environment:checking '/media/psf/Projekt_Mobile_Robotik/02_Roboprogramm/03_Pong/ros2_ws/install/pong_game' for CMake module files
[5.475s] Level 1:colcon.colcon_core.environment:checking '/media/psf/Projekt_Mobile_Robotik/02_Roboprogramm/03_Pong/ros2_ws/install/pong_game' for CMake config files
[5.477s] Level 1:colcon.colcon_core.shell:create_environment_hook('pong_game', 'cmake_prefix_path')
[5.477s] INFO:colcon.colcon_core.shell:Creating environment hook '/media/psf/Projekt_Mobile_Robotik/02_Roboprogramm/03_Pong/ros2_ws/install/pong_game/share/pong_game/hook/cmake_prefix_path.ps1'
[5.479s] INFO:colcon.colcon_core.shell:Creating environment descriptor '/media/psf/Projekt_Mobile_Robotik/02_Roboprogramm/03_Pong/ros2_ws/install/pong_game/share/pong_game/hook/cmake_prefix_path.dsv'
[5.480s] INFO:colcon.colcon_core.shell:Creating environment hook '/media/psf/Projekt_Mobile_Robotik/02_Roboprogramm/03_Pong/ros2_ws/install/pong_game/share/pong_game/hook/cmake_prefix_path.sh'
[5.481s] Level 1:colcon.colcon_core.environment:checking '/media/psf/Projekt_Mobile_Robotik/02_Roboprogramm/03_Pong/ros2_ws/install/pong_game/lib'
[5.482s] Level 1:colcon.colcon_core.environment:checking '/media/psf/Projekt_Mobile_Robotik/02_Roboprogramm/03_Pong/ros2_ws/install/pong_game/bin'
[5.482s] Level 1:colcon.colcon_core.environment:checking '/media/psf/Projekt_Mobile_Robotik/02_Roboprogramm/03_Pong/ros2_ws/install/pong_game/lib/pkgconfig/pong_game.pc'
[5.482s] Level 1:colcon.colcon_core.environment:checking '/media/psf/Projekt_Mobile_Robotik/02_Roboprogramm/03_Pong/ros2_ws/install/pong_game/lib/python3.10/site-packages'
[5.483s] Level 1:colcon.colcon_core.environment:checking '/media/psf/Projekt_Mobile_Robotik/02_Roboprogramm/03_Pong/ros2_ws/install/pong_game/bin'
[5.483s] INFO:colcon.colcon_core.shell:Creating package script '/media/psf/Projekt_Mobile_Robotik/02_Roboprogramm/03_Pong/ros2_ws/install/pong_game/share/pong_game/package.ps1'
[5.484s] INFO:colcon.colcon_core.shell:Creating package descriptor '/media/psf/Projekt_Mobile_Robotik/02_Roboprogramm/03_Pong/ros2_ws/install/pong_game/share/pong_game/package.dsv'
[5.485s] INFO:colcon.colcon_core.shell:Creating package script '/media/psf/Projekt_Mobile_Robotik/02_Roboprogramm/03_Pong/ros2_ws/install/pong_game/share/pong_game/package.sh'
[5.486s] INFO:colcon.colcon_core.shell:Creating package script '/media/psf/Projekt_Mobile_Robotik/02_Roboprogramm/03_Pong/ros2_ws/install/pong_game/share/pong_game/package.bash'
[5.487s] INFO:colcon.colcon_core.shell:Creating package script '/media/psf/Projekt_Mobile_Robotik/02_Roboprogramm/03_Pong/ros2_ws/install/pong_game/share/pong_game/package.zsh'
[5.488s] Level 1:colcon.colcon_core.environment:create_file_with_runtime_dependencies(/media/psf/Projekt_Mobile_Robotik/02_Roboprogramm/03_Pong/ros2_ws/install/pong_game/share/colcon-core/packages/pong_game)
[5.490s] Level 1:colcon.colcon_core.environment:create_environment_scripts_only(pong_game)
[5.490s] Level 1:colcon.colcon_core.environment:checking '/media/psf/Projekt_Mobile_Robotik/02_Roboprogramm/03_Pong/ros2_ws/install/pong_game' for CMake module files
[5.493s] Level 1:colcon.colcon_core.environment:checking '/media/psf/Projekt_Mobile_Robotik/02_Roboprogramm/03_Pong/ros2_ws/install/pong_game' for CMake config files
[5.495s] Level 1:colcon.colcon_core.shell:create_environment_hook('pong_game', 'cmake_prefix_path')
[5.495s] INFO:colcon.colcon_core.shell:Creating environment hook '/media/psf/Projekt_Mobile_Robotik/02_Roboprogramm/03_Pong/ros2_ws/install/pong_game/share/pong_game/hook/cmake_prefix_path.ps1'
[5.496s] INFO:colcon.colcon_core.shell:Creating environment descriptor '/media/psf/Projekt_Mobile_Robotik/02_Roboprogramm/03_Pong/ros2_ws/install/pong_game/share/pong_game/hook/cmake_prefix_path.dsv'
[5.497s] INFO:colcon.colcon_core.shell:Creating environment hook '/media/psf/Projekt_Mobile_Robotik/02_Roboprogramm/03_Pong/ros2_ws/install/pong_game/share/pong_game/hook/cmake_prefix_path.sh'
[5.498s] Level 1:colcon.colcon_core.environment:checking '/media/psf/Projekt_Mobile_Robotik/02_Roboprogramm/03_Pong/ros2_ws/install/pong_game/lib'
[5.499s] Level 1:colcon.colcon_core.environment:checking '/media/psf/Projekt_Mobile_Robotik/02_Roboprogramm/03_Pong/ros2_ws/install/pong_game/bin'
[5.499s] Level 1:colcon.colcon_core.environment:checking '/media/psf/Projekt_Mobile_Robotik/02_Roboprogramm/03_Pong/ros2_ws/install/pong_game/lib/pkgconfig/pong_game.pc'
[5.499s] Level 1:colcon.colcon_core.environment:checking '/media/psf/Projekt_Mobile_Robotik/02_Roboprogramm/03_Pong/ros2_ws/install/pong_game/lib/python3.10/site-packages'
[5.499s] Level 1:colcon.colcon_core.environment:checking '/media/psf/Projekt_Mobile_Robotik/02_Roboprogramm/03_Pong/ros2_ws/install/pong_game/bin'
[5.500s] INFO:colcon.colcon_core.shell:Creating package script '/media/psf/Projekt_Mobile_Robotik/02_Roboprogramm/03_Pong/ros2_ws/install/pong_game/share/pong_game/package.ps1'
[5.500s] INFO:colcon.colcon_core.shell:Creating package descriptor '/media/psf/Projekt_Mobile_Robotik/02_Roboprogramm/03_Pong/ros2_ws/install/pong_game/share/pong_game/package.dsv'
[5.501s] INFO:colcon.colcon_core.shell:Creating package script '/media/psf/Projekt_Mobile_Robotik/02_Roboprogramm/03_Pong/ros2_ws/install/pong_game/share/pong_game/package.sh'
[5.502s] INFO:colcon.colcon_core.shell:Creating package script '/media/psf/Projekt_Mobile_Robotik/02_Roboprogramm/03_Pong/ros2_ws/install/pong_game/share/pong_game/package.bash'
[5.503s] INFO:colcon.colcon_core.shell:Creating package script '/media/psf/Projekt_Mobile_Robotik/02_Roboprogramm/03_Pong/ros2_ws/install/pong_game/share/pong_game/package.zsh'
[5.504s] Level 1:colcon.colcon_core.environment:create_file_with_runtime_dependencies(/media/psf/Projekt_Mobile_Robotik/02_Roboprogramm/03_Pong/ros2_ws/install/pong_game/share/colcon-core/packages/pong_game)
[5.505s] DEBUG:colcon.colcon_parallel_executor.executor.parallel:closing loop
[5.505s] DEBUG:colcon.colcon_parallel_executor.executor.parallel:loop closed
[5.505s] DEBUG:colcon.colcon_parallel_executor.executor.parallel:run_until_complete finished with '0'
[5.506s] DEBUG:colcon.colcon_core.event_reactor:joining thread
[5.509s] INFO:colcon.colcon_core.plugin_system:Skipping extension 'colcon_notification.desktop_notification.terminal_notifier': Not used on non-Darwin systems
[5.512s] INFO:colcon.colcon_core.plugin_system:Skipping extension 'colcon_notification.desktop_notification.win32': Not used on non-Windows systems
[5.512s] INFO:colcon.colcon_notification.desktop_notification:Sending desktop notification using 'notify2'
[5.520s] DEBUG:colcon.colcon_core.event_reactor:joined thread
[5.520s] INFO:colcon.colcon_core.shell:Creating prefix script '/media/psf/Projekt_Mobile_Robotik/02_Roboprogramm/03_Pong/ros2_ws/install/local_setup.ps1'
[5.522s] INFO:colcon.colcon_core.shell:Creating prefix util module '/media/psf/Projekt_Mobile_Robotik/02_Roboprogramm/03_Pong/ros2_ws/install/_local_setup_util_ps1.py'
[5.524s] INFO:colcon.colcon_core.shell:Creating prefix chain script '/media/psf/Projekt_Mobile_Robotik/02_Roboprogramm/03_Pong/ros2_ws/install/setup.ps1'
[5.525s] INFO:colcon.colcon_core.shell:Creating prefix script '/media/psf/Projekt_Mobile_Robotik/02_Roboprogramm/03_Pong/ros2_ws/install/local_setup.sh'
[5.526s] INFO:colcon.colcon_core.shell:Creating prefix util module '/media/psf/Projekt_Mobile_Robotik/02_Roboprogramm/03_Pong/ros2_ws/install/_local_setup_util_sh.py'
[5.526s] INFO:colcon.colcon_core.shell:Creating prefix chain script '/media/psf/Projekt_Mobile_Robotik/02_Roboprogramm/03_Pong/ros2_ws/install/setup.sh'
[5.527s] INFO:colcon.colcon_core.shell:Creating prefix script '/media/psf/Projekt_Mobile_Robotik/02_Roboprogramm/03_Pong/ros2_ws/install/local_setup.bash'
[5.528s] INFO:colcon.colcon_core.shell:Creating prefix chain script '/media/psf/Projekt_Mobile_Robotik/02_Roboprogramm/03_Pong/ros2_ws/install/setup.bash'
[5.529s] INFO:colcon.colcon_core.shell:Creating prefix script '/media/psf/Projekt_Mobile_Robotik/02_Roboprogramm/03_Pong/ros2_ws/install/local_setup.zsh'
[5.530s] INFO:colcon.colcon_core.shell:Creating prefix chain script '/media/psf/Projekt_Mobile_Robotik/02_Roboprogramm/03_Pong/ros2_ws/install/setup.zsh'
