[0.093s] DEBUG:colcon:Command line arguments: ['/usr/bin/colcon', 'build', '--packages-select', 'pong_game', 'pong_game']
[0.093s] DEBUG:colcon:Parsed command line arguments: Namespace(log_base=None, log_level=None, verb_name='build', build_base='build', install_base='install', merge_install=False, symlink_install=False, test_result_base=None, continue_on_error=False, executor='parallel', parallel_workers=2, event_handlers=None, ignore_user_meta=False, metas=['./colcon.meta'], base_paths=['.'], packages_ignore=None, packages_ignore_regex=None, paths=None, packages_up_to=None, packages_up_to_regex=None, packages_above=None, packages_above_and_dependencies=None, packages_above_depth=None, packages_select_by_dep=None, packages_skip_by_dep=None, packages_skip_up_to=None, packages_select_build_failed=False, packages_skip_build_finished=False, packages_select_test_failures=False, packages_skip_test_passed=False, packages_select=['pong_game', 'pong_game'], packages_skip=None, packages_select_regex=None, packages_skip_regex=None, packages_start=None, packages_end=None, allow_overriding=[], cmake_args=None, cmake_target=None, cmake_target_skip_unavailable=False, cmake_clean_cache=False, cmake_clean_first=False, cmake_force_configure=False, ament_cmake_args=None, catkin_cmake_args=None, catkin_skip_building_tests=False, mixin_files=None, mixin=None, verb_parser=<colcon_mixin.mixin.mixin_argument.MixinArgumentDecorator object at 0xffffa2ed6b60>, verb_extension=<colcon_core.verb.build.BuildVerb object at 0xffffa2ed6560>, main=<bound method BuildVerb.main of <colcon_core.verb.build.BuildVerb object at 0xffffa2ed6560>>, mixin_verb=('build',))
[0.223s] Level 1:colcon.colcon_core.package_discovery:discover_packages(colcon_meta) check parameters
[0.229s] Level 1:colcon.colcon_core.package_discovery:discover_packages(recursive) check parameters
[0.229s] Level 1:colcon.colcon_core.package_discovery:discover_packages(ignore) check parameters
[0.229s] Level 1:colcon.colcon_core.package_discovery:discover_packages(path) check parameters
[0.229s] Level 1:colcon.colcon_core.package_discovery:discover_packages(colcon_meta) discover
[0.229s] Level 1:colcon.colcon_core.package_discovery:discover_packages(recursive) discover
[0.229s] INFO:colcon.colcon_core.package_discovery:Crawling recursively for packages in '/media/psf/Projekt_Mobile_Robotik/02_Roboprogramm/03_Pong/ros2_ws'
[0.230s] Level 1:colcon.colcon_core.package_identification:_identify(.) by extensions ['ignore', 'ignore_ament_install']
[0.230s] Level 1:colcon.colcon_core.package_identification:_identify(.) by extension 'ignore'
[0.230s] Level 1:colcon.colcon_core.package_identification:_identify(.) by extension 'ignore_ament_install'
[0.230s] Level 1:colcon.colcon_core.package_identification:_identify(.) by extensions ['colcon_pkg']
[0.230s] Level 1:colcon.colcon_core.package_identification:_identify(.) by extension 'colcon_pkg'
[0.231s] Level 1:colcon.colcon_core.package_identification:_identify(.) by extensions ['colcon_meta']
[0.231s] Level 1:colcon.colcon_core.package_identification:_identify(.) by extension 'colcon_meta'
[0.231s] Level 1:colcon.colcon_core.package_identification:_identify(.) by extensions ['ros']
[0.231s] Level 1:colcon.colcon_core.package_identification:_identify(.) by extension 'ros'
[0.247s] DEBUG:colcon.colcon_core.package_identification:Package '.' with type 'ros.ament_cmake' and name 'pong_game'
[0.249s] Level 1:colcon.colcon_core.package_discovery:discover_packages(recursive) using defaults
[0.249s] Level 1:colcon.colcon_core.package_discovery:discover_packages(ignore) discover
[0.249s] Level 1:colcon.colcon_core.package_discovery:discover_packages(ignore) using defaults
[0.249s] Level 1:colcon.colcon_core.package_discovery:discover_packages(path) discover
[0.249s] Level 1:colcon.colcon_core.package_discovery:discover_packages(path) using defaults
[0.262s] Level 1:colcon.colcon_core.package_discovery:discover_packages(prefix_path) check parameters
[0.262s] Level 1:colcon.colcon_core.package_discovery:discover_packages(prefix_path) discover
[0.265s] DEBUG:colcon.colcon_installed_package_information.package_discovery:Found 417 installed packages in /opt/ros/humble
[0.266s] Level 1:colcon.colcon_core.package_discovery:discover_packages(prefix_path) using defaults
[0.308s] Level 5:colcon.colcon_core.verb:set package 'pong_game' build argument 'cmake_args' from command line to 'None'
[0.308s] Level 5:colcon.colcon_core.verb:set package 'pong_game' build argument 'cmake_target' from command line to 'None'
[0.308s] Level 5:colcon.colcon_core.verb:set package 'pong_game' build argument 'cmake_target_skip_unavailable' from command line to 'False'
[0.308s] Level 5:colcon.colcon_core.verb:set package 'pong_game' build argument 'cmake_clean_cache' from command line to 'False'
[0.308s] Level 5:colcon.colcon_core.verb:set package 'pong_game' build argument 'cmake_clean_first' from command line to 'False'
[0.308s] Level 5:colcon.colcon_core.verb:set package 'pong_game' build argument 'cmake_force_configure' from command line to 'False'
[0.308s] Level 5:colcon.colcon_core.verb:set package 'pong_game' build argument 'ament_cmake_args' from command line to 'None'
[0.308s] Level 5:colcon.colcon_core.verb:set package 'pong_game' build argument 'catkin_cmake_args' from command line to 'None'
[0.308s] Level 5:colcon.colcon_core.verb:set package 'pong_game' build argument 'catkin_skip_building_tests' from command line to 'False'
[0.309s] DEBUG:colcon.colcon_core.verb:Building package 'pong_game' with the following arguments: {'ament_cmake_args': None, 'build_base': '/media/psf/Projekt_Mobile_Robotik/02_Roboprogramm/03_Pong/ros2_ws/build/pong_game', 'catkin_cmake_args': None, 'catkin_skip_building_tests': False, 'cmake_args': None, 'cmake_clean_cache': False, 'cmake_clean_first': False, 'cmake_force_configure': False, 'cmake_target': None, 'cmake_target_skip_unavailable': False, 'install_base': '/media/psf/Projekt_Mobile_Robotik/02_Roboprogramm/03_Pong/ros2_ws/install/pong_game', 'merge_install': False, 'path': '/media/psf/Projekt_Mobile_Robotik/02_Roboprogramm/03_Pong/ros2_ws', 'symlink_install': False, 'test_result_base': None}
[0.309s] INFO:colcon.colcon_core.executor:Executing jobs using 'parallel' executor
[0.317s] DEBUG:colcon.colcon_parallel_executor.executor.parallel:run_until_complete
[0.318s] INFO:colcon.colcon_ros.task.ament_cmake.build:Building ROS package in '/media/psf/Projekt_Mobile_Robotik/02_Roboprogramm/03_Pong/ros2_ws' with build type 'ament_cmake'
[0.318s] INFO:colcon.colcon_cmake.task.cmake.build:Building CMake package in '/media/psf/Projekt_Mobile_Robotik/02_Roboprogramm/03_Pong/ros2_ws'
[0.324s] INFO:colcon.colcon_core.plugin_system:Skipping extension 'colcon_core.shell.bat': Not used on non-Windows systems
[0.324s] INFO:colcon.colcon_core.shell:Skip shell extension 'powershell' for command environment: Not usable outside of PowerShell
[0.324s] DEBUG:colcon.colcon_core.shell:Skip shell extension 'dsv' for command environment
[0.354s] DEBUG:colcon.colcon_core.event_handler.log_command:Invoking command in '/media/psf/Projekt_Mobile_Robotik/02_Roboprogramm/03_Pong/ros2_ws/build/pong_game': CMAKE_PREFIX_PATH=/opt/ros/humble /usr/bin/cmake --build /media/psf/Projekt_Mobile_Robotik/02_Roboprogramm/03_Pong/ros2_ws/build/pong_game -- -j2 -l2
[36.486s] DEBUG:colcon.colcon_core.event_handler.log_command:Invoked command in '/media/psf/Projekt_Mobile_Robotik/02_Roboprogramm/03_Pong/ros2_ws/build/pong_game' returned '0': CMAKE_PREFIX_PATH=/opt/ros/humble /usr/bin/cmake --build /media/psf/Projekt_Mobile_Robotik/02_Roboprogramm/03_Pong/ros2_ws/build/pong_game -- -j2 -l2
[36.496s] DEBUG:colcon.colcon_core.event_handler.log_command:Invoking command in '/media/psf/Projekt_Mobile_Robotik/02_Roboprogramm/03_Pong/ros2_ws/build/pong_game': CMAKE_PREFIX_PATH=/opt/ros/humble /usr/bin/cmake --install /media/psf/Projekt_Mobile_Robotik/02_Roboprogramm/03_Pong/ros2_ws/build/pong_game
[36.733s] Level 1:colcon.colcon_core.environment:create_environment_scripts_only(pong_game)
[36.734s] DEBUG:colcon.colcon_core.event_handler.log_command:Invoked command in '/media/psf/Projekt_Mobile_Robotik/02_Roboprogramm/03_Pong/ros2_ws/build/pong_game' returned '0': CMAKE_PREFIX_PATH=/opt/ros/humble /usr/bin/cmake --install /media/psf/Projekt_Mobile_Robotik/02_Roboprogramm/03_Pong/ros2_ws/build/pong_game
[36.736s] Level 1:colcon.colcon_core.environment:checking '/media/psf/Projekt_Mobile_Robotik/02_Roboprogramm/03_Pong/ros2_ws/install/pong_game' for CMake module files
[36.738s] Level 1:colcon.colcon_core.environment:checking '/media/psf/Projekt_Mobile_Robotik/02_Roboprogramm/03_Pong/ros2_ws/install/pong_game' for CMake config files
[36.740s] Level 1:colcon.colcon_core.shell:create_environment_hook('pong_game', 'cmake_prefix_path')
[36.740s] INFO:colcon.colcon_core.shell:Creating environment hook '/media/psf/Projekt_Mobile_Robotik/02_Roboprogramm/03_Pong/ros2_ws/install/pong_game/share/pong_game/hook/cmake_prefix_path.ps1'
[36.741s] INFO:colcon.colcon_core.shell:Creating environment descriptor '/media/psf/Projekt_Mobile_Robotik/02_Roboprogramm/03_Pong/ros2_ws/install/pong_game/share/pong_game/hook/cmake_prefix_path.dsv'
[36.741s] INFO:colcon.colcon_core.shell:Creating environment hook '/media/psf/Projekt_Mobile_Robotik/02_Roboprogramm/03_Pong/ros2_ws/install/pong_game/share/pong_game/hook/cmake_prefix_path.sh'
[36.742s] Level 1:colcon.colcon_core.environment:checking '/media/psf/Projekt_Mobile_Robotik/02_Roboprogramm/03_Pong/ros2_ws/install/pong_game/lib'
[36.743s] Level 1:colcon.colcon_core.environment:checking '/media/psf/Projekt_Mobile_Robotik/02_Roboprogramm/03_Pong/ros2_ws/install/pong_game/bin'
[36.743s] Level 1:colcon.colcon_core.environment:checking '/media/psf/Projekt_Mobile_Robotik/02_Roboprogramm/03_Pong/ros2_ws/install/pong_game/lib/pkgconfig/pong_game.pc'
[36.743s] Level 1:colcon.colcon_core.environment:checking '/media/psf/Projekt_Mobile_Robotik/02_Roboprogramm/03_Pong/ros2_ws/install/pong_game/lib/python3.10/site-packages'
[36.743s] Level 1:colcon.colcon_core.environment:checking '/media/psf/Projekt_Mobile_Robotik/02_Roboprogramm/03_Pong/ros2_ws/install/pong_game/bin'
[36.743s] INFO:colcon.colcon_core.shell:Creating package script '/media/psf/Projekt_Mobile_Robotik/02_Roboprogramm/03_Pong/ros2_ws/install/pong_game/share/pong_game/package.ps1'
[36.745s] INFO:colcon.colcon_core.shell:Creating package descriptor '/media/psf/Projekt_Mobile_Robotik/02_Roboprogramm/03_Pong/ros2_ws/install/pong_game/share/pong_game/package.dsv'
[36.745s] INFO:colcon.colcon_core.shell:Creating package script '/media/psf/Projekt_Mobile_Robotik/02_Roboprogramm/03_Pong/ros2_ws/install/pong_game/share/pong_game/package.sh'
[36.746s] INFO:colcon.colcon_core.shell:Creating package script '/media/psf/Projekt_Mobile_Robotik/02_Roboprogramm/03_Pong/ros2_ws/install/pong_game/share/pong_game/package.bash'
[36.747s] INFO:colcon.colcon_core.shell:Creating package script '/media/psf/Projekt_Mobile_Robotik/02_Roboprogramm/03_Pong/ros2_ws/install/pong_game/share/pong_game/package.zsh'
[36.748s] Level 1:colcon.colcon_core.environment:create_file_with_runtime_dependencies(/media/psf/Projekt_Mobile_Robotik/02_Roboprogramm/03_Pong/ros2_ws/install/pong_game/share/colcon-core/packages/pong_game)
[36.749s] Level 1:colcon.colcon_core.environment:create_environment_scripts_only(pong_game)
[36.749s] Level 1:colcon.colcon_core.environment:checking '/media/psf/Projekt_Mobile_Robotik/02_Roboprogramm/03_Pong/ros2_ws/install/pong_game' for CMake module files
[36.752s] Level 1:colcon.colcon_core.environment:checking '/media/psf/Projekt_Mobile_Robotik/02_Roboprogramm/03_Pong/ros2_ws/install/pong_game' for CMake config files
[36.753s] Level 1:colcon.colcon_core.shell:create_environment_hook('pong_game', 'cmake_prefix_path')
[36.753s] INFO:colcon.colcon_core.shell:Creating environment hook '/media/psf/Projekt_Mobile_Robotik/02_Roboprogramm/03_Pong/ros2_ws/install/pong_game/share/pong_game/hook/cmake_prefix_path.ps1'
[36.754s] INFO:colcon.colcon_core.shell:Creating environment descriptor '/media/psf/Projekt_Mobile_Robotik/02_Roboprogramm/03_Pong/ros2_ws/install/pong_game/share/pong_game/hook/cmake_prefix_path.dsv'
[36.754s] INFO:colcon.colcon_core.shell:Creating environment hook '/media/psf/Projekt_Mobile_Robotik/02_Roboprogramm/03_Pong/ros2_ws/install/pong_game/share/pong_game/hook/cmake_prefix_path.sh'
[36.755s] Level 1:colcon.colcon_core.environment:checking '/media/psf/Projekt_Mobile_Robotik/02_Roboprogramm/03_Pong/ros2_ws/install/pong_game/lib'
[36.756s] Level 1:colcon.colcon_core.environment:checking '/media/psf/Projekt_Mobile_Robotik/02_Roboprogramm/03_Pong/ros2_ws/install/pong_game/bin'
[36.756s] Level 1:colcon.colcon_core.environment:checking '/media/psf/Projekt_Mobile_Robotik/02_Roboprogramm/03_Pong/ros2_ws/install/pong_game/lib/pkgconfig/pong_game.pc'
[36.756s] Level 1:colcon.colcon_core.environment:checking '/media/psf/Projekt_Mobile_Robotik/02_Roboprogramm/03_Pong/ros2_ws/install/pong_game/lib/python3.10/site-packages'
[36.757s] Level 1:colcon.colcon_core.environment:checking '/media/psf/Projekt_Mobile_Robotik/02_Roboprogramm/03_Pong/ros2_ws/install/pong_game/bin'
[36.757s] INFO:colcon.colcon_core.shell:Creating package script '/media/psf/Projekt_Mobile_Robotik/02_Roboprogramm/03_Pong/ros2_ws/install/pong_game/share/pong_game/package.ps1'
[36.757s] INFO:colcon.colcon_core.shell:Creating package descriptor '/media/psf/Projekt_Mobile_Robotik/02_Roboprogramm/03_Pong/ros2_ws/install/pong_game/share/pong_game/package.dsv'
[36.758s] INFO:colcon.colcon_core.shell:Creating package script '/media/psf/Projekt_Mobile_Robotik/02_Roboprogramm/03_Pong/ros2_ws/install/pong_game/share/pong_game/package.sh'
[36.759s] INFO:colcon.colcon_core.shell:Creating package script '/media/psf/Projekt_Mobile_Robotik/02_Roboprogramm/03_Pong/ros2_ws/install/pong_game/share/pong_game/package.bash'
[36.759s] INFO:colcon.colcon_core.shell:Creating package script '/media/psf/Projekt_Mobile_Robotik/02_Roboprogramm/03_Pong/ros2_ws/install/pong_game/share/pong_game/package.zsh'
[36.760s] Level 1:colcon.colcon_core.environment:create_file_with_runtime_dependencies(/media/psf/Projekt_Mobile_Robotik/02_Roboprogramm/03_Pong/ros2_ws/install/pong_game/share/colcon-core/packages/pong_game)
[36.761s] DEBUG:colcon.colcon_parallel_executor.executor.parallel:closing loop
[36.762s] DEBUG:colcon.colcon_parallel_executor.executor.parallel:loop closed
[36.762s] DEBUG:colcon.colcon_parallel_executor.executor.parallel:run_until_complete finished with '0'
[36.762s] DEBUG:colcon.colcon_core.event_reactor:joining thread
[36.766s] INFO:colcon.colcon_core.plugin_system:Skipping extension 'colcon_notification.desktop_notification.terminal_notifier': Not used on non-Darwin systems
[36.767s] INFO:colcon.colcon_core.plugin_system:Skipping extension 'colcon_notification.desktop_notification.win32': Not used on non-Windows systems
[36.767s] INFO:colcon.colcon_notification.desktop_notification:Sending desktop notification using 'notify2'
[36.778s] DEBUG:colcon.colcon_core.event_reactor:joined thread
[36.778s] INFO:colcon.colcon_core.shell:Creating prefix script '/media/psf/Projekt_Mobile_Robotik/02_Roboprogramm/03_Pong/ros2_ws/install/local_setup.ps1'
[36.784s] INFO:colcon.colcon_core.shell:Creating prefix util module '/media/psf/Projekt_Mobile_Robotik/02_Roboprogramm/03_Pong/ros2_ws/install/_local_setup_util_ps1.py'
[36.785s] INFO:colcon.colcon_core.shell:Creating prefix chain script '/media/psf/Projekt_Mobile_Robotik/02_Roboprogramm/03_Pong/ros2_ws/install/setup.ps1'
[36.786s] INFO:colcon.colcon_core.shell:Creating prefix script '/media/psf/Projekt_Mobile_Robotik/02_Roboprogramm/03_Pong/ros2_ws/install/local_setup.sh'
[36.787s] INFO:colcon.colcon_core.shell:Creating prefix util module '/media/psf/Projekt_Mobile_Robotik/02_Roboprogramm/03_Pong/ros2_ws/install/_local_setup_util_sh.py'
[36.788s] INFO:colcon.colcon_core.shell:Creating prefix chain script '/media/psf/Projekt_Mobile_Robotik/02_Roboprogramm/03_Pong/ros2_ws/install/setup.sh'
[36.789s] INFO:colcon.colcon_core.shell:Creating prefix script '/media/psf/Projekt_Mobile_Robotik/02_Roboprogramm/03_Pong/ros2_ws/install/local_setup.bash'
[36.790s] INFO:colcon.colcon_core.shell:Creating prefix chain script '/media/psf/Projekt_Mobile_Robotik/02_Roboprogramm/03_Pong/ros2_ws/install/setup.bash'
[36.791s] INFO:colcon.colcon_core.shell:Creating prefix script '/media/psf/Projekt_Mobile_Robotik/02_Roboprogramm/03_Pong/ros2_ws/install/local_setup.zsh'
[36.792s] INFO:colcon.colcon_core.shell:Creating prefix chain script '/media/psf/Projekt_Mobile_Robotik/02_Roboprogramm/03_Pong/ros2_ws/install/setup.zsh'
