[0.012s] Invoking command in '/media/psf/Projekt_Mobile_Robotik/02_Roboprogramm/02_Turtlebot4/ros2_ws/build/pong_game': CMAKE_PREFIX_PATH=/opt/ros/humble /usr/bin/cmake --build /media/psf/Projekt_Mobile_Robotik/02_Roboprogramm/02_Turtlebot4/ros2_ws/build/pong_game -- -j2 -l2
[0.021s] gmake[1]: Entering directory '/media/psf/Projekt_Mobile_Robotik/02_Roboprogramm/02_Turtlebot4/ros2_ws/build/pong_game'
[0.045s] gmake[2]: Entering directory '/media/psf/Projekt_Mobile_Robotik/02_Roboprogramm/02_Turtlebot4/ros2_ws/build/pong_game'
[0.051s] gmake[3]: Entering directory '/media/psf/Projekt_Mobile_Robotik/02_Roboprogramm/02_Turtlebot4/ros2_ws/build/pong_game'
[0.057s] gmake[3]: Leaving directory '/media/psf/Projekt_Mobile_Robotik/02_Roboprogramm/02_Turtlebot4/ros2_ws/build/pong_game'
[0.063s] gmake[3]: Entering directory '/media/psf/Projekt_Mobile_Robotik/02_Roboprogramm/02_Turtlebot4/ros2_ws/build/pong_game'
[0.072s] [ 33%] [32mBuilding CXX object CMakeFiles/pong_game.dir/src/main.cpp.o[0m
[0.237s] In file included from [01m[K/media/psf/Projekt_Mobile_Robotik/02_Roboprogramm/02_Turtlebot4/ros2_ws/src/classes/statemachine.hpp:7[m[K,
[0.238s]                  from [01m[K/media/psf/Projekt_Mobile_Robotik/02_Roboprogramm/02_Turtlebot4/ros2_ws/src/main.cpp:5[m[K:
[0.238s] [01m[K/media/psf/Projekt_Mobile_Robotik/02_Roboprogramm/02_Turtlebot4/ros2_ws/src/classes/turtlebot4.hpp:5:10:[m[K [01;31m[Kfatal error: [m[Kirobot_create_msgs/action/rotate_angle.hpp: No such file or directory
[0.238s]     5 | #include [01;31m[K"irobot_create_msgs/action/rotate_angle.hpp"[m[K
[0.238s]       |          [01;31m[K^~~~~~~~~~~~~~~~~~~~~~~~~~~~~~~~~~~~~~~~~~~~[m[K
[0.238s] compilation terminated.
[0.240s] gmake[3]: *** [CMakeFiles/pong_game.dir/build.make:76: CMakeFiles/pong_game.dir/src/main.cpp.o] Error 1
[0.241s] gmake[3]: Leaving directory '/media/psf/Projekt_Mobile_Robotik/02_Roboprogramm/02_Turtlebot4/ros2_ws/build/pong_game'
[0.241s] gmake[2]: *** [CMakeFiles/Makefile2:137: CMakeFiles/pong_game.dir/all] Error 2
[0.241s] gmake[2]: Leaving directory '/media/psf/Projekt_Mobile_Robotik/02_Roboprogramm/02_Turtlebot4/ros2_ws/build/pong_game'
[0.242s] gmake[1]: Leaving directory '/media/psf/Projekt_Mobile_Robotik/02_Roboprogramm/02_Turtlebot4/ros2_ws/build/pong_game'
[0.242s] gmake[1]: *** [Makefile:146: all] Error 2
[0.243s] Invoked command in '/media/psf/Projekt_Mobile_Robotik/02_Roboprogramm/02_Turtlebot4/ros2_ws/build/pong_game' returned '2': CMAKE_PREFIX_PATH=/opt/ros/humble /usr/bin/cmake --build /media/psf/Projekt_Mobile_Robotik/02_Roboprogramm/02_Turtlebot4/ros2_ws/build/pong_game -- -j2 -l2
